{"/home/travis/build/npmtest/node-npmtest-graphviz/test.js":{"path":"/home/travis/build/npmtest/node-npmtest-graphviz/test.js","s":{"1":2,"2":2,"3":2,"4":2,"5":2,"6":2,"7":2,"8":1,"9":2,"10":2,"11":1,"12":1,"13":1,"14":1,"15":2,"16":2,"17":2,"18":2,"19":1,"20":1,"21":2,"22":2,"23":2,"24":1,"25":1,"26":1,"27":1,"28":1,"29":1,"30":1,"31":1,"32":1,"33":1,"34":1,"35":1,"36":1,"37":1,"38":1,"39":2,"40":2,"41":1,"42":2,"43":2,"44":1,"45":2,"46":2,"47":1,"48":2,"49":2,"50":1,"51":1,"52":1,"53":1,"54":1},"b":{"1":[2,1,1,1],"2":[1,1,1,1],"3":[1,1],"4":[1,1],"5":[1,1],"6":[1,1],"7":[1,1],"8":[1,1],"9":[1,1],"10":[1,1,1],"11":[1,1],"12":[1,1],"13":[1,1],"14":[1,1],"15":[1,1],"16":[1,1],"17":[1,1]},"f":{"1":2,"2":2,"3":2,"4":2,"5":2,"6":1,"7":1,"8":1,"9":2,"10":2,"11":2,"12":2,"13":1},"fnMap":{"1":{"name":"(anonymous_1)","line":12,"loc":{"start":{"line":12,"column":1},"end":{"line":12,"column":13}}},"2":{"name":"(anonymous_2)","line":19,"loc":{"start":{"line":19,"column":5},"end":{"line":19,"column":17}}},"3":{"name":"(anonymous_3)","line":23,"loc":{"start":{"line":23,"column":24},"end":{"line":23,"column":36}}},"4":{"name":"(anonymous_4)","line":61,"loc":{"start":{"line":61,"column":5},"end":{"line":61,"column":17}}},"5":{"name":"(anonymous_5)","line":82,"loc":{"start":{"line":82,"column":5},"end":{"line":82,"column":17}}},"6":{"name":"(anonymous_6)","line":91,"loc":{"start":{"line":91,"column":77},"end":{"line":94,"column":10}}},"7":{"name":"(anonymous_7)","line":112,"loc":{"start":{"line":112,"column":83},"end":{"line":115,"column":10}},"skip":true},"8":{"name":"(anonymous_8)","line":123,"loc":{"start":{"line":123,"column":77},"end":{"line":126,"column":10}},"skip":true},"9":{"name":"(anonymous_9)","line":139,"loc":{"start":{"line":139,"column":12},"end":{"line":139,"column":40}},"skip":true},"10":{"name":"(anonymous_10)","line":147,"loc":{"start":{"line":147,"column":77},"end":{"line":150,"column":10}},"skip":true},"11":{"name":"(anonymous_11)","line":158,"loc":{"start":{"line":158,"column":83},"end":{"line":161,"column":10}},"skip":true},"12":{"name":"(anonymous_12)","line":169,"loc":{"start":{"line":169,"column":79},"end":{"line":172,"column":10}},"skip":true},"13":{"name":"(anonymous_13)","line":180,"loc":{"start":{"line":180,"column":75},"end":{"line":183,"column":10}},"skip":true}},"statementMap":{"1":{"start":{"line":12,"column":0},"end":{"line":195,"column":5}},"2":{"start":{"line":14,"column":4},"end":{"line":14,"column":14}},"3":{"start":{"line":19,"column":4},"end":{"line":56,"column":9}},"4":{"start":{"line":21,"column":8},"end":{"line":21,"column":19}},"5":{"start":{"line":23,"column":8},"end":{"line":35,"column":13}},"6":{"start":{"line":24,"column":12},"end":{"line":34,"column":13}},"7":{"start":{"line":25,"column":16},"end":{"line":28,"column":30}},"8":{"start":{"line":30,"column":16},"end":{"line":33,"column":27}},"9":{"start":{"line":37,"column":8},"end":{"line":39,"column":21}},"10":{"start":{"line":40,"column":8},"end":{"line":53,"column":9}},"11":{"start":{"line":43,"column":12},"end":{"line":46,"column":14}},"12":{"start":{"line":47,"column":12},"end":{"line":47,"column":18}},"13":{"start":{"line":50,"column":12},"end":{"line":51,"column":33}},"14":{"start":{"line":52,"column":12},"end":{"line":52,"column":18}},"15":{"start":{"line":55,"column":8},"end":{"line":55,"column":35}},"16":{"start":{"line":61,"column":4},"end":{"line":63,"column":9}},"17":{"start":{"line":62,"column":8},"end":{"line":62,"column":15}},"18":{"start":{"line":64,"column":4},"end":{"line":77,"column":5}},"19":{"start":{"line":70,"column":8},"end":{"line":70,"column":14}},"20":{"start":{"line":76,"column":8},"end":{"line":76,"column":14}},"21":{"start":{"line":82,"column":4},"end":{"line":84,"column":9}},"22":{"start":{"line":83,"column":8},"end":{"line":83,"column":15}},"23":{"start":{"line":85,"column":4},"end":{"line":194,"column":5}},"24":{"start":{"line":91,"column":8},"end":{"line":99,"column":10}},"25":{"start":{"line":98,"column":12},"end":{"line":98,"column":35}},"26":{"start":{"line":102,"column":8},"end":{"line":104,"column":63}},"27":{"start":{"line":105,"column":8},"end":{"line":105,"column":14}},"28":{"start":{"line":112,"column":8},"end":{"line":121,"column":10},"skip":true},"29":{"start":{"line":119,"column":12},"end":{"line":119,"column":55},"skip":true},"30":{"start":{"line":120,"column":12},"end":{"line":120,"column":48},"skip":true},"31":{"start":{"line":123,"column":8},"end":{"line":136,"column":10},"skip":true},"32":{"start":{"line":130,"column":12},"end":{"line":130,"column":76},"skip":true},"33":{"start":{"line":131,"column":12},"end":{"line":131,"column":73},"skip":true},"34":{"start":{"line":132,"column":12},"end":{"line":132,"column":74},"skip":true},"35":{"start":{"line":133,"column":12},"end":{"line":133,"column":79},"skip":true},"36":{"start":{"line":134,"column":12},"end":{"line":134,"column":25},"skip":true},"37":{"start":{"line":135,"column":12},"end":{"line":135,"column":45},"skip":true},"38":{"start":{"line":138,"column":8},"end":{"line":145,"column":14},"skip":true},"39":{"start":{"line":143,"column":16},"end":{"line":143,"column":29},"skip":true},"40":{"start":{"line":144,"column":16},"end":{"line":144,"column":55},"skip":true},"41":{"start":{"line":147,"column":8},"end":{"line":156,"column":10},"skip":true},"42":{"start":{"line":154,"column":12},"end":{"line":154,"column":25},"skip":true},"43":{"start":{"line":155,"column":12},"end":{"line":155,"column":45},"skip":true},"44":{"start":{"line":158,"column":8},"end":{"line":167,"column":10},"skip":true},"45":{"start":{"line":165,"column":12},"end":{"line":165,"column":25},"skip":true},"46":{"start":{"line":166,"column":12},"end":{"line":166,"column":48},"skip":true},"47":{"start":{"line":169,"column":8},"end":{"line":178,"column":10},"skip":true},"48":{"start":{"line":176,"column":12},"end":{"line":176,"column":25},"skip":true},"49":{"start":{"line":177,"column":12},"end":{"line":177,"column":46},"skip":true},"50":{"start":{"line":180,"column":8},"end":{"line":189,"column":10},"skip":true},"51":{"start":{"line":187,"column":12},"end":{"line":187,"column":94},"skip":true},"52":{"start":{"line":188,"column":12},"end":{"line":188,"column":48},"skip":true},"53":{"start":{"line":192,"column":8},"end":{"line":192,"column":35},"skip":true},"54":{"start":{"line":193,"column":8},"end":{"line":193,"column":14},"skip":true}},"branchMap":{"1":{"line":25,"type":"binary-expr","locations":[{"start":{"line":25,"column":23},"end":{"line":25,"column":62}},{"start":{"line":26,"column":20},"end":{"line":26,"column":70}},{"start":{"line":27,"column":20},"end":{"line":27,"column":71}},{"start":{"line":28,"column":20},"end":{"line":28,"column":29}}]},"2":{"line":30,"type":"binary-expr","locations":[{"start":{"line":30,"column":23},"end":{"line":30,"column":37}},{"start":{"line":31,"column":20},"end":{"line":31,"column":61}},{"start":{"line":32,"column":20},"end":{"line":32,"column":70}},{"start":{"line":33,"column":20},"end":{"line":33,"column":26}}]},"3":{"line":37,"type":"cond-expr","locations":[{"start":{"line":38,"column":14},"end":{"line":38,"column":20}},{"start":{"line":39,"column":14},"end":{"line":39,"column":20}}]},"4":{"line":40,"type":"switch","locations":[{"start":{"line":42,"column":8},"end":{"line":47,"column":18}},{"start":{"line":49,"column":8},"end":{"line":52,"column":18}}]},"5":{"line":44,"type":"binary-expr","locations":[{"start":{"line":44,"column":16},"end":{"line":44,"column":44}},{"start":{"line":44,"column":48},"end":{"line":44,"column":66}}]},"6":{"line":50,"type":"binary-expr","locations":[{"start":{"line":50,"column":21},"end":{"line":50,"column":49}},{"start":{"line":50,"column":53},"end":{"line":50,"column":72}}]},"7":{"line":64,"type":"switch","locations":[{"start":{"line":69,"column":4},"end":{"line":70,"column":14}},{"start":{"line":75,"column":4},"end":{"line":76,"column":14}}]},"8":{"line":85,"type":"switch","locations":[{"start":{"line":90,"column":4},"end":{"line":105,"column":14}},{"start":{"line":111,"column":4},"end":{"line":193,"column":14},"skip":true}]},"9":{"line":91,"type":"binary-expr","locations":[{"start":{"line":91,"column":42},"end":{"line":91,"column":73}},{"start":{"line":91,"column":77},"end":{"line":99,"column":9}}]},"10":{"line":102,"type":"binary-expr","locations":[{"start":{"line":102,"column":18},"end":{"line":102,"column":32}},{"start":{"line":103,"column":12},"end":{"line":103,"column":53}},{"start":{"line":104,"column":12},"end":{"line":104,"column":61}}]},"11":{"line":112,"type":"binary-expr","locations":[{"start":{"line":112,"column":45},"end":{"line":112,"column":79},"skip":true},{"start":{"line":112,"column":83},"end":{"line":121,"column":9},"skip":true}]},"12":{"line":123,"type":"binary-expr","locations":[{"start":{"line":123,"column":42},"end":{"line":123,"column":73},"skip":true},{"start":{"line":123,"column":77},"end":{"line":136,"column":9},"skip":true}]},"13":{"line":138,"type":"binary-expr","locations":[{"start":{"line":138,"column":48},"end":{"line":138,"column":85},"skip":true},{"start":{"line":139,"column":12},"end":{"line":145,"column":13},"skip":true}]},"14":{"line":147,"type":"binary-expr","locations":[{"start":{"line":147,"column":42},"end":{"line":147,"column":73},"skip":true},{"start":{"line":147,"column":77},"end":{"line":156,"column":9},"skip":true}]},"15":{"line":158,"type":"binary-expr","locations":[{"start":{"line":158,"column":45},"end":{"line":158,"column":79},"skip":true},{"start":{"line":158,"column":83},"end":{"line":167,"column":9},"skip":true}]},"16":{"line":169,"type":"binary-expr","locations":[{"start":{"line":169,"column":43},"end":{"line":169,"column":75},"skip":true},{"start":{"line":169,"column":79},"end":{"line":178,"column":9},"skip":true}]},"17":{"line":180,"type":"binary-expr","locations":[{"start":{"line":180,"column":41},"end":{"line":180,"column":71},"skip":true},{"start":{"line":180,"column":75},"end":{"line":189,"column":9},"skip":true}]}},"code":["/* istanbul instrument in package npmtest_graphviz */","/*jslint","    bitwise: true,","    browser: true,","    maxerr: 8,","    maxlen: 96,","    node: true,","    nomen: true,","    regexp: true,","    stupid: true","*/","(function () {","    'use strict';","    var local;","","","","    // run shared js-env code - pre-init","    (function () {","        // init local","        local = {};","        // init modeJs","        local.modeJs = (function () {","            try {","                return typeof navigator.userAgent === 'string' &&","                    typeof document.querySelector('body') === 'object' &&","                    typeof XMLHttpRequest.prototype.open === 'function' &&","                    'browser';","            } catch (errorCaughtBrowser) {","                return module.exports &&","                    typeof process.versions.node === 'string' &&","                    typeof require('http').createServer === 'function' &&","                    'node';","            }","        }());","        // init global","        local.global = local.modeJs === 'browser'","            ? window","            : global;","        switch (local.modeJs) {","        // re-init local from window.local","        case 'browser':","            local = local.global.utility2.objectSetDefault(","                local.global.utility2_rollup || local.global.local,","                local.global.utility2","            );","            break;","        // re-init local from example.js","        case 'node':","            local = (local.global.utility2_rollup || require('utility2'))","                .requireReadme();","            break;","        }","        // export local","        local.global.local = local;","    }());","","","","    // run shared js-env code - function","    (function () {","        return;","    }());","    switch (local.modeJs) {","","","","    // run browser js-env code - function","    case 'browser':","        break;","","","","    // run node js-env code - function","    case 'node':","        break;","    }","","","","    // run shared js-env code - post-init","    (function () {","        return;","    }());","    switch (local.modeJs) {","","","","    // run browser js-env code - post-init","    case 'browser':","        local.testCase_browser_nullCase = local.testCase_browser_nullCase || function (","            options,","            onError","        ) {","        /*","         * this function will test browsers's null-case handling-behavior-behavior","         */","            onError(null, options);","        };","","        // run tests","        local.nop(local.modeTest &&","            document.querySelector('#testRunButton1') &&","            document.querySelector('#testRunButton1').click());","        break;","","","","    // run node js-env code - post-init","    /* istanbul ignore next */","    case 'node':","        local.testCase_buildApidoc_default = local.testCase_buildApidoc_default || function (","            options,","            onError","        ) {","        /*","         * this function will test buildApidoc's default handling-behavior-behavior","         */","            options = { modulePathList: module.paths };","            local.buildApidoc(options, onError);","        };","","        local.testCase_buildApp_default = local.testCase_buildApp_default || function (","            options,","            onError","        ) {","        /*","         * this function will test buildApp's default handling-behavior-behavior","         */","            local.testCase_buildReadme_default(options, local.onErrorThrow);","            local.testCase_buildLib_default(options, local.onErrorThrow);","            local.testCase_buildTest_default(options, local.onErrorThrow);","            local.testCase_buildCustomOrg_default(options, local.onErrorThrow);","            options = [];","            local.buildApp(options, onError);","        };","","        local.testCase_buildCustomOrg_default = local.testCase_buildCustomOrg_default ||","            function (options, onError) {","            /*","             * this function will test buildCustomOrg's default handling-behavior","             */","                options = {};","                local.buildCustomOrg(options, onError);","            };","","        local.testCase_buildLib_default = local.testCase_buildLib_default || function (","            options,","            onError","        ) {","        /*","         * this function will test buildLib's default handling-behavior","         */","            options = {};","            local.buildLib(options, onError);","        };","","        local.testCase_buildReadme_default = local.testCase_buildReadme_default || function (","            options,","            onError","        ) {","        /*","         * this function will test buildReadme's default handling-behavior-behavior","         */","            options = {};","            local.buildReadme(options, onError);","        };","","        local.testCase_buildTest_default = local.testCase_buildTest_default || function (","            options,","            onError","        ) {","        /*","         * this function will test buildTest's default handling-behavior","         */","            options = {};","            local.buildTest(options, onError);","        };","","        local.testCase_webpage_default = local.testCase_webpage_default || function (","            options,","            onError","        ) {","        /*","         * this function will test webpage's default handling-behavior","         */","            options = { modeCoverageMerge: true, url: local.serverLocalHost + '?modeTest=1' };","            local.browserTest(options, onError);","        };","","        // run test-server","        local.testRunServer(local);","        break;","    }","}());",""],"l":{"12":2,"14":2,"19":2,"21":2,"23":2,"24":2,"25":2,"30":1,"37":2,"40":2,"43":1,"47":1,"50":1,"52":1,"55":2,"61":2,"62":2,"64":2,"70":1,"76":1,"82":2,"83":2,"85":2,"91":1,"98":1,"102":1,"105":1,"112":1,"119":1,"120":1,"123":1,"130":1,"131":1,"132":1,"133":1,"134":1,"135":1,"138":1,"143":2,"144":2,"147":1,"154":2,"155":2,"158":1,"165":2,"166":2,"169":1,"176":2,"177":2,"180":1,"187":1,"188":1,"192":1,"193":1}},"/home/travis/build/npmtest/node-npmtest-graphviz/lib.npmtest_graphviz.js":{"path":"/home/travis/build/npmtest/node-npmtest-graphviz/lib.npmtest_graphviz.js","s":{"1":2,"2":2,"3":2,"4":2,"5":2,"6":2,"7":2,"8":1,"9":2,"10":2,"11":2,"12":2,"13":1,"14":1,"15":1,"16":1},"b":{"1":[2,1,1,1],"2":[1,1,1,1],"3":[1,1],"4":[2,2],"5":[1,1]},"f":{"1":2,"2":2,"3":2},"fnMap":{"1":{"name":"(anonymous_1)","line":12,"loc":{"start":{"line":12,"column":1},"end":{"line":12,"column":13}}},"2":{"name":"(anonymous_2)","line":19,"loc":{"start":{"line":19,"column":5},"end":{"line":19,"column":17}}},"3":{"name":"(anonymous_3)","line":23,"loc":{"start":{"line":23,"column":24},"end":{"line":23,"column":36}}}},"statementMap":{"1":{"start":{"line":12,"column":0},"end":{"line":53,"column":5}},"2":{"start":{"line":14,"column":4},"end":{"line":14,"column":14}},"3":{"start":{"line":19,"column":4},"end":{"line":52,"column":9}},"4":{"start":{"line":21,"column":8},"end":{"line":21,"column":19}},"5":{"start":{"line":23,"column":8},"end":{"line":35,"column":13}},"6":{"start":{"line":24,"column":12},"end":{"line":34,"column":13}},"7":{"start":{"line":25,"column":16},"end":{"line":28,"column":30}},"8":{"start":{"line":30,"column":16},"end":{"line":33,"column":27}},"9":{"start":{"line":37,"column":8},"end":{"line":39,"column":21}},"10":{"start":{"line":41,"column":8},"end":{"line":41,"column":54}},"11":{"start":{"line":43,"column":8},"end":{"line":43,"column":53}},"12":{"start":{"line":45,"column":8},"end":{"line":51,"column":9}},"13":{"start":{"line":46,"column":12},"end":{"line":46,"column":59}},"14":{"start":{"line":48,"column":12},"end":{"line":48,"column":35}},"15":{"start":{"line":49,"column":12},"end":{"line":49,"column":49}},"16":{"start":{"line":50,"column":12},"end":{"line":50,"column":43}}},"branchMap":{"1":{"line":25,"type":"binary-expr","locations":[{"start":{"line":25,"column":23},"end":{"line":25,"column":62}},{"start":{"line":26,"column":20},"end":{"line":26,"column":70}},{"start":{"line":27,"column":20},"end":{"line":27,"column":71}},{"start":{"line":28,"column":20},"end":{"line":28,"column":29}}]},"2":{"line":30,"type":"binary-expr","locations":[{"start":{"line":30,"column":23},"end":{"line":30,"column":37}},{"start":{"line":31,"column":20},"end":{"line":31,"column":61}},{"start":{"line":32,"column":20},"end":{"line":32,"column":70}},{"start":{"line":33,"column":20},"end":{"line":33,"column":26}}]},"3":{"line":37,"type":"cond-expr","locations":[{"start":{"line":38,"column":14},"end":{"line":38,"column":20}},{"start":{"line":39,"column":14},"end":{"line":39,"column":20}}]},"4":{"line":41,"type":"binary-expr","locations":[{"start":{"line":41,"column":16},"end":{"line":41,"column":44}},{"start":{"line":41,"column":48},"end":{"line":41,"column":53}}]},"5":{"line":45,"type":"if","locations":[{"start":{"line":45,"column":8},"end":{"line":45,"column":8}},{"start":{"line":45,"column":8},"end":{"line":45,"column":8}}]}},"code":["/* istanbul instrument in package npmtest_graphviz */","/*jslint","    bitwise: true,","    browser: true,","    maxerr: 8,","    maxlen: 96,","    node: true,","    nomen: true,","    regexp: true,","    stupid: true","*/","(function () {","    'use strict';","    var local;","","","","    // run shared js-env code - pre-init","    (function () {","        // init local","        local = {};","        // init modeJs","        local.modeJs = (function () {","            try {","                return typeof navigator.userAgent === 'string' &&","                    typeof document.querySelector('body') === 'object' &&","                    typeof XMLHttpRequest.prototype.open === 'function' &&","                    'browser';","            } catch (errorCaughtBrowser) {","                return module.exports &&","                    typeof process.versions.node === 'string' &&","                    typeof require('http').createServer === 'function' &&","                    'node';","            }","        }());","        // init global","        local.global = local.modeJs === 'browser'","            ? window","            : global;","        // init utility2_rollup","        local = local.global.utility2_rollup || local;","        // init lib","        local.local = local.npmtest_graphviz = local;","        // init exports","        if (local.modeJs === 'browser') {","            local.global.utility2_npmtest_graphviz = local;","        } else {","            module.exports = local;","            module.exports.__dirname = __dirname;","            module.exports.module = module;","        }","    }());","}());",""],"l":{"12":2,"14":2,"19":2,"21":2,"23":2,"24":2,"25":2,"30":1,"37":2,"41":2,"43":2,"45":2,"46":1,"48":1,"49":1,"50":1}},"/home/travis/build/npmtest/node-npmtest-graphviz/example.js":{"path":"/home/travis/build/npmtest/node-npmtest-graphviz/example.js","s":{"1":2,"2":2,"3":2,"4":2,"5":2,"6":2,"7":2,"8":1,"9":2,"10":2,"11":2,"12":2,"13":1,"14":2,"15":2,"16":2,"17":2,"18":2,"19":0,"20":2,"21":1,"22":1,"23":1,"24":1,"25":1,"26":0,"27":0,"28":1,"29":1,"30":2,"31":0,"32":0,"33":0,"34":1,"35":2,"36":2,"37":3,"38":3,"39":3,"40":3,"41":0,"42":3,"43":3,"44":3,"45":1,"46":3,"47":1,"48":1,"49":1,"50":1,"51":1,"52":1,"53":1,"54":1,"55":1,"56":1,"57":0,"58":1,"59":6,"60":6,"61":1,"62":2,"63":0,"64":2,"65":1,"66":1,"67":0,"68":0,"69":0,"70":0,"71":0,"72":0,"73":0,"74":0,"75":0,"76":0,"77":0,"78":0,"79":0,"80":0,"81":0,"82":0,"83":0},"b":{"1":[2,1,1,1],"2":[1,1,1,1],"3":[1,1],"4":[2,2],"5":[1,1],"6":[1,1],"7":[2,0],"8":[2,1,1,1,1,1],"9":[0,2,0],"10":[1,1],"11":[2,1,1],"12":[1,0],"13":[0,2],"14":[2,0,0,0,0,0,0],"15":[0,3],"16":[3,0],"17":[1,1],"18":[0,1],"19":[1,2,0,2],"20":[1,0],"21":[1,1],"22":[0,0],"23":[0,0],"24":[0,0],"25":[0,0],"26":[0,0],"27":[0,0],"28":[0,0]},"f":{"1":2,"2":2,"3":2,"4":2,"5":2,"6":2,"7":3,"8":3,"9":3,"10":1,"11":6,"12":0},"fnMap":{"1":{"name":"(anonymous_1)","line":26,"loc":{"start":{"line":26,"column":1},"end":{"line":26,"column":13}}},"2":{"name":"(anonymous_2)","line":33,"loc":{"start":{"line":33,"column":5},"end":{"line":33,"column":17}}},"3":{"name":"(anonymous_3)","line":37,"loc":{"start":{"line":37,"column":24},"end":{"line":37,"column":36}}},"4":{"name":"(anonymous_4)","line":69,"loc":{"start":{"line":69,"column":31},"end":{"line":69,"column":48}},"skip":true},"5":{"name":"(anonymous_5)","line":78,"loc":{"start":{"line":78,"column":26},"end":{"line":78,"column":45}},"skip":true},"6":{"name":"(anonymous_6)","line":123,"loc":{"start":{"line":123,"column":33},"end":{"line":123,"column":48}},"skip":true},"7":{"name":"(anonymous_7)","line":125,"loc":{"start":{"line":125,"column":27},"end":{"line":125,"column":39}},"skip":true},"8":{"name":"(anonymous_8)","line":133,"loc":{"start":{"line":133,"column":59},"end":{"line":133,"column":74}},"skip":true},"9":{"name":"(anonymous_9)","line":143,"loc":{"start":{"line":143,"column":45},"end":{"line":143,"column":62}},"skip":true},"10":{"name":"(anonymous_10)","line":144,"loc":{"start":{"line":144,"column":73},"end":{"line":144,"column":92}},"skip":true},"11":{"name":"(anonymous_11)","line":272,"loc":{"start":{"line":272,"column":51},"end":{"line":272,"column":77}},"skip":true},"12":{"name":"(anonymous_12)","line":315,"loc":{"start":{"line":315,"column":32},"end":{"line":315,"column":61}},"skip":true}},"statementMap":{"1":{"start":{"line":26,"column":0},"end":{"line":326,"column":5}},"2":{"start":{"line":28,"column":4},"end":{"line":28,"column":14}},"3":{"start":{"line":33,"column":4},"end":{"line":60,"column":9}},"4":{"start":{"line":35,"column":8},"end":{"line":35,"column":19}},"5":{"start":{"line":37,"column":8},"end":{"line":49,"column":13}},"6":{"start":{"line":38,"column":12},"end":{"line":48,"column":13}},"7":{"start":{"line":39,"column":16},"end":{"line":42,"column":30}},"8":{"start":{"line":44,"column":16},"end":{"line":47,"column":27}},"9":{"start":{"line":51,"column":8},"end":{"line":53,"column":21}},"10":{"start":{"line":55,"column":8},"end":{"line":57,"column":45}},"11":{"start":{"line":59,"column":8},"end":{"line":59,"column":35}},"12":{"start":{"line":61,"column":4},"end":{"line":325,"column":5}},"13":{"start":{"line":69,"column":8},"end":{"line":121,"column":10},"skip":true},"14":{"start":{"line":70,"column":12},"end":{"line":88,"column":13},"skip":true},"15":{"start":{"line":76,"column":16},"end":{"line":87,"column":19},"skip":true},"16":{"start":{"line":79,"column":20},"end":{"line":86,"column":21},"skip":true},"17":{"start":{"line":82,"column":24},"end":{"line":82,"column":43},"skip":true},"18":{"start":{"line":83,"column":24},"end":{"line":83,"column":30},"skip":true},"19":{"start":{"line":85,"column":24},"end":{"line":85,"column":49},"skip":true},"20":{"start":{"line":89,"column":12},"end":{"line":107,"column":13},"skip":true},"21":{"start":{"line":92,"column":16},"end":{"line":102,"column":17},"skip":true},"22":{"start":{"line":93,"column":20},"end":{"line":93,"column":86},"skip":true},"23":{"start":{"line":94,"column":20},"end":{"line":95,"column":45},"skip":true},"24":{"start":{"line":96,"column":20},"end":{"line":96,"column":42},"skip":true},"25":{"start":{"line":97,"column":20},"end":{"line":97,"column":48},"skip":true},"26":{"start":{"line":100,"column":20},"end":{"line":100,"column":85},"skip":true},"27":{"start":{"line":101,"column":20},"end":{"line":101,"column":96},"skip":true},"28":{"start":{"line":103,"column":16},"end":{"line":103,"column":22},"skip":true},"29":{"start":{"line":106,"column":16},"end":{"line":106,"column":22},"skip":true},"30":{"start":{"line":108,"column":12},"end":{"line":120,"column":13},"skip":true},"31":{"start":{"line":114,"column":16},"end":{"line":119,"column":17},"skip":true},"32":{"start":{"line":116,"column":20},"end":{"line":116,"column":78},"skip":true},"33":{"start":{"line":118,"column":20},"end":{"line":118,"column":47},"skip":true},"34":{"start":{"line":123,"column":8},"end":{"line":141,"column":11},"skip":true},"35":{"start":{"line":124,"column":12},"end":{"line":124,"column":54},"skip":true},"36":{"start":{"line":125,"column":12},"end":{"line":140,"column":14},"skip":true},"37":{"start":{"line":126,"column":16},"end":{"line":126,"column":28},"skip":true},"38":{"start":{"line":127,"column":16},"end":{"line":127,"column":69},"skip":true},"39":{"start":{"line":128,"column":16},"end":{"line":128,"column":75},"skip":true},"40":{"start":{"line":129,"column":16},"end":{"line":131,"column":17},"skip":true},"41":{"start":{"line":130,"column":20},"end":{"line":130,"column":27},"skip":true},"42":{"start":{"line":133,"column":16},"end":{"line":137,"column":36},"skip":true},"43":{"start":{"line":134,"column":20},"end":{"line":136,"column":55},"skip":true},"44":{"start":{"line":139,"column":16},"end":{"line":139,"column":57},"skip":true},"45":{"start":{"line":143,"column":8},"end":{"line":147,"column":11},"skip":true},"46":{"start":{"line":144,"column":12},"end":{"line":146,"column":15},"skip":true},"47":{"start":{"line":145,"column":16},"end":{"line":145,"column":70},"skip":true},"48":{"start":{"line":149,"column":8},"end":{"line":149,"column":31},"skip":true},"49":{"start":{"line":150,"column":8},"end":{"line":150,"column":14},"skip":true},"50":{"start":{"line":158,"column":8},"end":{"line":158,"column":31},"skip":true},"51":{"start":{"line":160,"column":8},"end":{"line":160,"column":33},"skip":true},"52":{"start":{"line":161,"column":8},"end":{"line":161,"column":37},"skip":true},"53":{"start":{"line":162,"column":8},"end":{"line":162,"column":35},"skip":true},"54":{"start":{"line":164,"column":8},"end":{"line":164,"column":50},"skip":true},"55":{"start":{"line":166,"column":8},"end":{"line":256,"column":2},"skip":true},"56":{"start":{"line":258,"column":8},"end":{"line":286,"column":9},"skip":true},"57":{"start":{"line":259,"column":12},"end":{"line":269,"column":14},"skip":true},"58":{"start":{"line":271,"column":12},"end":{"line":285,"column":19},"skip":true},"59":{"start":{"line":274,"column":20},"end":{"line":274,"column":35},"skip":true},"60":{"start":{"line":275,"column":20},"end":{"line":284,"column":21},"skip":true},"61":{"start":{"line":277,"column":24},"end":{"line":277,"column":64},"skip":true},"62":{"start":{"line":279,"column":24},"end":{"line":279,"column":40},"skip":true},"63":{"start":{"line":281,"column":24},"end":{"line":281,"column":40},"skip":true},"64":{"start":{"line":283,"column":24},"end":{"line":283,"column":39},"skip":true},"65":{"start":{"line":288,"column":8},"end":{"line":290,"column":9},"skip":true},"66":{"start":{"line":289,"column":12},"end":{"line":289,"column":18},"skip":true},"67":{"start":{"line":291,"column":8},"end":{"line":293,"column":54},"skip":true},"68":{"start":{"line":296,"column":8},"end":{"line":301,"column":37},"skip":true},"69":{"start":{"line":303,"column":8},"end":{"line":303,"column":82},"skip":true},"70":{"start":{"line":306,"column":8},"end":{"line":308,"column":9},"skip":true},"71":{"start":{"line":307,"column":12},"end":{"line":307,"column":82},"skip":true},"72":{"start":{"line":310,"column":8},"end":{"line":312,"column":9},"skip":true},"73":{"start":{"line":311,"column":12},"end":{"line":311,"column":18},"skip":true},"74":{"start":{"line":313,"column":8},"end":{"line":313,"column":54},"skip":true},"75":{"start":{"line":314,"column":8},"end":{"line":314,"column":69},"skip":true},"76":{"start":{"line":315,"column":8},"end":{"line":323,"column":36},"skip":true},"77":{"start":{"line":316,"column":12},"end":{"line":316,"column":61},"skip":true},"78":{"start":{"line":317,"column":12},"end":{"line":320,"column":13},"skip":true},"79":{"start":{"line":318,"column":16},"end":{"line":318,"column":75},"skip":true},"80":{"start":{"line":319,"column":16},"end":{"line":319,"column":23},"skip":true},"81":{"start":{"line":321,"column":12},"end":{"line":321,"column":38},"skip":true},"82":{"start":{"line":322,"column":12},"end":{"line":322,"column":27},"skip":true},"83":{"start":{"line":324,"column":8},"end":{"line":324,"column":14},"skip":true}},"branchMap":{"1":{"line":39,"type":"binary-expr","locations":[{"start":{"line":39,"column":23},"end":{"line":39,"column":62}},{"start":{"line":40,"column":20},"end":{"line":40,"column":70}},{"start":{"line":41,"column":20},"end":{"line":41,"column":71}},{"start":{"line":42,"column":20},"end":{"line":42,"column":29}}]},"2":{"line":44,"type":"binary-expr","locations":[{"start":{"line":44,"column":23},"end":{"line":44,"column":37}},{"start":{"line":45,"column":20},"end":{"line":45,"column":61}},{"start":{"line":46,"column":20},"end":{"line":46,"column":70}},{"start":{"line":47,"column":20},"end":{"line":47,"column":26}}]},"3":{"line":51,"type":"cond-expr","locations":[{"start":{"line":52,"column":14},"end":{"line":52,"column":20}},{"start":{"line":53,"column":14},"end":{"line":53,"column":20}}]},"4":{"line":55,"type":"binary-expr","locations":[{"start":{"line":55,"column":16},"end":{"line":55,"column":44}},{"start":{"line":55,"column":49},"end":{"line":57,"column":43}}]},"5":{"line":55,"type":"cond-expr","locations":[{"start":{"line":56,"column":14},"end":{"line":56,"column":52}},{"start":{"line":57,"column":14},"end":{"line":57,"column":43}}]},"6":{"line":61,"type":"switch","locations":[{"start":{"line":68,"column":4},"end":{"line":150,"column":14},"skip":true},{"start":{"line":156,"column":4},"end":{"line":324,"column":14},"skip":true}]},"7":{"line":70,"type":"if","locations":[{"start":{"line":70,"column":12},"end":{"line":70,"column":12},"skip":true},{"start":{"line":70,"column":12},"end":{"line":70,"column":12},"skip":true}]},"8":{"line":70,"type":"binary-expr","locations":[{"start":{"line":70,"column":16},"end":{"line":70,"column":22},"skip":true},{"start":{"line":70,"column":27},"end":{"line":70,"column":32},"skip":true},{"start":{"line":71,"column":20},"end":{"line":71,"column":39},"skip":true},{"start":{"line":72,"column":20},"end":{"line":72,"column":49},"skip":true},{"start":{"line":73,"column":20},"end":{"line":73,"column":58},"skip":true},{"start":{"line":74,"column":20},"end":{"line":74,"column":69},"skip":true}]},"9":{"line":79,"type":"switch","locations":[{"start":{"line":80,"column":20},"end":{"line":80,"column":33},"skip":true},{"start":{"line":81,"column":20},"end":{"line":83,"column":30},"skip":true},{"start":{"line":84,"column":20},"end":{"line":85,"column":49},"skip":true}]},"10":{"line":89,"type":"switch","locations":[{"start":{"line":90,"column":12},"end":{"line":103,"column":22},"skip":true},{"start":{"line":105,"column":12},"end":{"line":106,"column":22},"skip":true}]},"11":{"line":89,"type":"binary-expr","locations":[{"start":{"line":89,"column":20},"end":{"line":89,"column":25},"skip":true},{"start":{"line":89,"column":29},"end":{"line":89,"column":48},"skip":true},{"start":{"line":89,"column":52},"end":{"line":89,"column":74},"skip":true}]},"12":{"line":92,"type":"if","locations":[{"start":{"line":92,"column":16},"end":{"line":92,"column":16},"skip":true},{"start":{"line":92,"column":16},"end":{"line":92,"column":16},"skip":true}]},"13":{"line":108,"type":"if","locations":[{"start":{"line":108,"column":12},"end":{"line":108,"column":12},"skip":true},{"start":{"line":108,"column":12},"end":{"line":108,"column":12},"skip":true}]},"14":{"line":108,"type":"binary-expr","locations":[{"start":{"line":108,"column":16},"end":{"line":108,"column":61},"skip":true},{"start":{"line":108,"column":66},"end":{"line":108,"column":72},"skip":true},{"start":{"line":108,"column":77},"end":{"line":108,"column":82},"skip":true},{"start":{"line":109,"column":20},"end":{"line":109,"column":39},"skip":true},{"start":{"line":110,"column":20},"end":{"line":110,"column":49},"skip":true},{"start":{"line":111,"column":20},"end":{"line":111,"column":58},"skip":true},{"start":{"line":112,"column":20},"end":{"line":112,"column":68},"skip":true}]},"15":{"line":129,"type":"if","locations":[{"start":{"line":129,"column":16},"end":{"line":129,"column":16},"skip":true},{"start":{"line":129,"column":16},"end":{"line":129,"column":16},"skip":true}]},"16":{"line":134,"type":"cond-expr","locations":[{"start":{"line":135,"column":26},"end":{"line":135,"column":29},"skip":true},{"start":{"line":136,"column":26},"end":{"line":136,"column":54},"skip":true}]},"17":{"line":164,"type":"binary-expr","locations":[{"start":{"line":164,"column":27},"end":{"line":164,"column":43},"skip":true},{"start":{"line":164,"column":47},"end":{"line":164,"column":49},"skip":true}]},"18":{"line":258,"type":"if","locations":[{"start":{"line":258,"column":8},"end":{"line":258,"column":8},"skip":true},{"start":{"line":258,"column":8},"end":{"line":258,"column":8},"skip":true}]},"19":{"line":275,"type":"switch","locations":[{"start":{"line":276,"column":20},"end":{"line":277,"column":64},"skip":true},{"start":{"line":278,"column":20},"end":{"line":279,"column":40},"skip":true},{"start":{"line":280,"column":20},"end":{"line":281,"column":40},"skip":true},{"start":{"line":282,"column":20},"end":{"line":283,"column":39},"skip":true}]},"20":{"line":288,"type":"if","locations":[{"start":{"line":288,"column":8},"end":{"line":288,"column":8},"skip":true},{"start":{"line":288,"column":8},"end":{"line":288,"column":8},"skip":true}]},"21":{"line":288,"type":"binary-expr","locations":[{"start":{"line":288,"column":12},"end":{"line":288,"column":40},"skip":true},{"start":{"line":288,"column":44},"end":{"line":288,"column":67},"skip":true}]},"22":{"line":292,"type":"binary-expr","locations":[{"start":{"line":292,"column":12},"end":{"line":292,"column":50},"skip":true},{"start":{"line":293,"column":12},"end":{"line":293,"column":53},"skip":true}]},"23":{"line":297,"type":"binary-expr","locations":[{"start":{"line":297,"column":12},"end":{"line":297,"column":66},"skip":true},{"start":{"line":298,"column":12},"end":{"line":301,"column":36},"skip":true}]},"24":{"line":303,"type":"binary-expr","locations":[{"start":{"line":303,"column":43},"end":{"line":303,"column":75},"skip":true},{"start":{"line":303,"column":79},"end":{"line":303,"column":81},"skip":true}]},"25":{"line":306,"type":"if","locations":[{"start":{"line":306,"column":8},"end":{"line":306,"column":8},"skip":true},{"start":{"line":306,"column":8},"end":{"line":306,"column":8},"skip":true}]},"26":{"line":310,"type":"if","locations":[{"start":{"line":310,"column":8},"end":{"line":310,"column":8},"skip":true},{"start":{"line":310,"column":8},"end":{"line":310,"column":8},"skip":true}]},"27":{"line":313,"type":"binary-expr","locations":[{"start":{"line":313,"column":27},"end":{"line":313,"column":43},"skip":true},{"start":{"line":313,"column":47},"end":{"line":313,"column":53},"skip":true}]},"28":{"line":317,"type":"if","locations":[{"start":{"line":317,"column":12},"end":{"line":317,"column":12},"skip":true},{"start":{"line":317,"column":12},"end":{"line":317,"column":12},"skip":true}]}},"code":["/*","example.js","","quickstart example","","instruction","    1. save this script as example.js","    2. run the shell command:","        $ npm install npmtest-graphviz && PORT=8081 node example.js","    3. play with the browser-demo on http://127.0.0.1:8081","*/","","","","/* istanbul instrument in package npmtest_graphviz */","/*jslint","    bitwise: true,","    browser: true,","    maxerr: 8,","    maxlen: 96,","    node: true,","    nomen: true,","    regexp: true,","    stupid: true","*/","(function () {","    'use strict';","    var local;","","","","    // run shared js-env code - pre-init","    (function () {","        // init local","        local = {};","        // init modeJs","        local.modeJs = (function () {","            try {","                return typeof navigator.userAgent === 'string' &&","                    typeof document.querySelector('body') === 'object' &&","                    typeof XMLHttpRequest.prototype.open === 'function' &&","                    'browser';","            } catch (errorCaughtBrowser) {","                return module.exports &&","                    typeof process.versions.node === 'string' &&","                    typeof require('http').createServer === 'function' &&","                    'node';","            }","        }());","        // init global","        local.global = local.modeJs === 'browser'","            ? window","            : global;","        // init utility2_rollup","        local = local.global.utility2_rollup || (local.modeJs === 'browser'","            ? local.global.utility2_npmtest_graphviz","            : global.utility2_moduleExports);","        // export local","        local.global.local = local;","    }());","    switch (local.modeJs) {","","","","    // post-init","    // run browser js-env code - post-init","    /* istanbul ignore next */","    case 'browser':","        local.testRunBrowser = function (event) {","            if (!event || (event &&","                    event.currentTarget &&","                    event.currentTarget.className &&","                    event.currentTarget.className.includes &&","                    event.currentTarget.className.includes('onreset'))) {","                // reset output","                Array.from(","                    document.querySelectorAll('body > .resettable')","                ).forEach(function (element) {","                    switch (element.tagName) {","                    case 'INPUT':","                    case 'TEXTAREA':","                        element.value = '';","                        break;","                    default:","                        element.textContent = '';","                    }","                });","            }","            switch (event && event.currentTarget && event.currentTarget.id) {","            case 'testRunButton1':","                // show tests","                if (document.querySelector('#testReportDiv1').style.display === 'none') {","                    document.querySelector('#testReportDiv1').style.display = 'block';","                    document.querySelector('#testRunButton1').textContent =","                        'hide internal test';","                    local.modeTest = true;","                    local.testRunDefault(local);","                // hide tests","                } else {","                    document.querySelector('#testReportDiv1').style.display = 'none';","                    document.querySelector('#testRunButton1').textContent = 'run internal test';","                }","                break;","            // custom-case","            default:","                break;","            }","            if (document.querySelector('#inputTextareaEval1') && (!event || (event &&","                    event.currentTarget &&","                    event.currentTarget.className &&","                    event.currentTarget.className.includes &&","                    event.currentTarget.className.includes('oneval')))) {","                // try to eval input-code","                try {","                    /*jslint evil: true*/","                    eval(document.querySelector('#inputTextareaEval1').value);","                } catch (errorCaught) {","                    console.error(errorCaught);","                }","            }","        };","        // log stderr and stdout to #outputTextareaStdout1","        ['error', 'log'].forEach(function (key) {","            console[key + '_original'] = console[key];","            console[key] = function () {","                var element;","                console[key + '_original'].apply(console, arguments);","                element = document.querySelector('#outputTextareaStdout1');","                if (!element) {","                    return;","                }","                // append text to #outputTextareaStdout1","                element.value += Array.from(arguments).map(function (arg) {","                    return typeof arg === 'string'","                        ? arg","                        : JSON.stringify(arg, null, 4);","                }).join(' ') + '\\n';","                // scroll textarea to bottom","                element.scrollTop = element.scrollHeight;","            };","        });","        // init event-handling","        ['change', 'click', 'keyup'].forEach(function (event) {","            Array.from(document.querySelectorAll('.on' + event)).forEach(function (element) {","                element.addEventListener(event, local.testRunBrowser);","            });","        });","        // run tests","        local.testRunBrowser();","        break;","","","","    // run node js-env code - post-init","    /* istanbul ignore next */","    case 'node':","        // export local","        module.exports = local;","        // require modules","        local.fs = require('fs');","        local.http = require('http');","        local.url = require('url');","        // init assets","        local.assetsDict = local.assetsDict || {};","        /* jslint-ignore-begin */","        local.assetsDict['/assets.index.template.html'] = '\\","<!doctype html>\\n\\","<html lang=\"en\">\\n\\","<head>\\n\\","<meta charset=\"UTF-8\">\\n\\","<meta name=\"viewport\" content=\"width=device-width, initial-scale=1\">\\n\\","<title>{{env.npm_package_name}} (v{{env.npm_package_version}})</title>\\n\\","<style>\\n\\","/*csslint\\n\\","    box-sizing: false,\\n\\","    universal-selector: false\\n\\","*/\\n\\","* {\\n\\","    box-sizing: border-box;\\n\\","}\\n\\","body {\\n\\","    background: #dde;\\n\\","    font-family: Arial, Helvetica, sans-serif;\\n\\","    margin: 2rem;\\n\\","}\\n\\","body > * {\\n\\","    margin-bottom: 1rem;\\n\\","}\\n\\",".utility2FooterDiv {\\n\\","    margin-top: 20px;\\n\\","    text-align: center;\\n\\","}\\n\\","</style>\\n\\","<style>\\n\\","/*csslint\\n\\","*/\\n\\","textarea {\\n\\","    font-family: monospace;\\n\\","    height: 10rem;\\n\\","    width: 100%;\\n\\","}\\n\\","textarea[readonly] {\\n\\","    background: #ddd;\\n\\","}\\n\\","</style>\\n\\","</head>\\n\\","<body>\\n\\","<!-- utility2-comment\\n\\","<div id=\"ajaxProgressDiv1\" style=\"background: #d00; height: 2px; left: 0; margin: 0; padding: 0; position: fixed; top: 0; transition: background 0.5s, width 1.5s; width: 25%;\"></div>\\n\\","utility2-comment -->\\n\\","<h1>\\n\\","<!-- utility2-comment\\n\\","    <a\\n\\","        {{#if env.npm_package_homepage}}\\n\\","        href=\"{{env.npm_package_homepage}}\"\\n\\","        {{/if env.npm_package_homepage}}\\n\\","        target=\"_blank\"\\n\\","    >\\n\\","utility2-comment -->\\n\\","        {{env.npm_package_name}} (v{{env.npm_package_version}})\\n\\","<!-- utility2-comment\\n\\","    </a>\\n\\","utility2-comment -->\\n\\","</h1>\\n\\","<h3>{{env.npm_package_description}}</h3>\\n\\","<!-- utility2-comment\\n\\","<h4><a download href=\"assets.app.js\">download standalone app</a></h4>\\n\\","<button class=\"onclick onreset\" id=\"testRunButton1\">run internal test</button><br>\\n\\","<div id=\"testReportDiv1\" style=\"display: none;\"></div>\\n\\","utility2-comment -->\\n\\","\\n\\","\\n\\","\\n\\","<label>stderr and stdout</label>\\n\\","<textarea class=\"resettable\" id=\"outputTextareaStdout1\" readonly></textarea>\\n\\","<!-- utility2-comment\\n\\","{{#if isRollup}}\\n\\","<script src=\"assets.app.js\"></script>\\n\\","{{#unless isRollup}}\\n\\","utility2-comment -->\\n\\","<script src=\"assets.utility2.rollup.js\"></script>\\n\\","<script src=\"jsonp.utility2._stateInit?callback=window.utility2._stateInit\"></script>\\n\\","<script src=\"assets.npmtest_graphviz.rollup.js\"></script>\\n\\","<script src=\"assets.example.js\"></script>\\n\\","<script src=\"assets.test.js\"></script>\\n\\","<!-- utility2-comment\\n\\","{{/if isRollup}}\\n\\","utility2-comment -->\\n\\","<div class=\"utility2FooterDiv\">\\n\\","    [ this app was created with\\n\\","    <a href=\"https://github.com/kaizhu256/node-utility2\" target=\"_blank\">utility2</a>\\n\\","    ]\\n\\","</div>\\n\\","</body>\\n\\","</html>\\n\\","';","        /* jslint-ignore-end */","        if (local.templateRender) {","            local.assetsDict['/'] = local.templateRender(","                local.assetsDict['/assets.index.template.html'],","                {","                    env: local.objectSetDefault(local.env, {","                        npm_package_description: 'the greatest app in the world!',","                        npm_package_name: 'my-app',","                        npm_package_nameAlias: 'my_app',","                        npm_package_version: '0.0.1'","                    })","                }","            );","        } else {","            local.assetsDict['/'] = local.assetsDict['/assets.index.template.html']","                .replace((/\\{\\{env\\.(\\w+?)\\}\\}/g), function (match0, match1) {","                    // jslint-hack","                    String(match0);","                    switch (match1) {","                    case 'npm_package_description':","                        return 'the greatest app in the world!';","                    case 'npm_package_name':","                        return 'my-app';","                    case 'npm_package_nameAlias':","                        return 'my_app';","                    case 'npm_package_version':","                        return '0.0.1';","                    }","                });","        }","        // run the cli","        if (local.global.utility2_rollup || module !== require.main) {","            break;","        }","        local.assetsDict['/assets.example.js'] =","            local.assetsDict['/assets.example.js'] ||","            local.fs.readFileSync(__filename, 'utf8');","        // bug-workaround - long $npm_package_buildCustomOrg","        /* jslint-ignore-begin */","        local.assetsDict['/assets.npmtest_graphviz.rollup.js'] =","            local.assetsDict['/assets.npmtest_graphviz.rollup.js'] ||","            local.fs.readFileSync(","                local.npmtest_graphviz.__dirname + '/lib.npmtest_graphviz.js',","                'utf8'","            ).replace((/^#!/), '//');","        /* jslint-ignore-end */","        local.assetsDict['/favicon.ico'] = local.assetsDict['/favicon.ico'] || '';","        // if $npm_config_timeout_exit exists,","        // then exit this process after $npm_config_timeout_exit ms","        if (Number(process.env.npm_config_timeout_exit)) {","            setTimeout(process.exit, Number(process.env.npm_config_timeout_exit));","        }","        // start server","        if (local.global.utility2_serverHttp1) {","            break;","        }","        process.env.PORT = process.env.PORT || '8081';","        console.error('server starting on port ' + process.env.PORT);","        local.http.createServer(function (request, response) {","            request.urlParsed = local.url.parse(request.url);","            if (local.assetsDict[request.urlParsed.pathname] !== undefined) {","                response.end(local.assetsDict[request.urlParsed.pathname]);","                return;","            }","            response.statusCode = 404;","            response.end();","        }).listen(process.env.PORT);","        break;","    }","}());",""],"l":{"26":2,"28":2,"33":2,"35":2,"37":2,"38":2,"39":2,"44":1,"51":2,"55":2,"59":2,"61":2,"69":1,"70":2,"76":2,"79":2,"82":2,"83":2,"85":1,"89":2,"92":1,"93":1,"94":1,"96":1,"97":1,"100":1,"101":1,"103":1,"106":1,"108":2,"114":1,"116":1,"118":1,"123":1,"124":2,"125":2,"126":3,"127":3,"128":3,"129":3,"130":1,"133":3,"134":3,"139":3,"143":1,"144":3,"145":1,"149":1,"150":1,"158":1,"160":1,"161":1,"162":1,"164":1,"166":1,"258":1,"259":1,"271":1,"274":6,"275":6,"277":1,"279":2,"281":1,"283":2,"288":1,"289":1,"291":1,"296":1,"303":1,"306":1,"307":1,"310":1,"311":1,"313":1,"314":1,"315":1,"316":1,"317":1,"318":1,"319":1,"321":1,"322":1,"324":1}},"/home/travis/build/npmtest/node-npmtest-graphviz/node_modules/graphviz/lib/graphviz.js":{"path":"/home/travis/build/npmtest/node-npmtest-graphviz/node_modules/graphviz/lib/graphviz.js","s":{"1":1,"2":1,"3":0,"4":0,"5":0,"6":1,"7":0,"8":0,"9":0,"10":1,"11":0,"12":0,"13":0,"14":0,"15":0,"16":0,"17":0,"18":0,"19":0,"20":0,"21":0,"22":0,"23":1,"24":0,"25":0,"26":0,"27":0,"28":0,"29":0},"b":{"1":[0,0],"2":[0,0],"3":[0,0],"4":[0,0]},"f":{"1":0,"2":0,"3":0,"4":0,"5":0,"6":0,"7":0,"8":0,"9":0},"fnMap":{"1":{"name":"(anonymous_1)","line":18,"loc":{"start":{"line":18,"column":16},"end":{"line":18,"column":29}}},"2":{"name":"(anonymous_2)","line":31,"loc":{"start":{"line":31,"column":18},"end":{"line":31,"column":31}}},"3":{"name":"_parse","line":37,"loc":{"start":{"line":37,"column":0},"end":{"line":37,"column":41}}},"4":{"name":"(anonymous_4)","line":46,"loc":{"start":{"line":46,"column":29},"end":{"line":46,"column":44}}},"5":{"name":"(anonymous_5)","line":50,"loc":{"start":{"line":50,"column":29},"end":{"line":50,"column":44}}},"6":{"name":"(anonymous_6)","line":54,"loc":{"start":{"line":54,"column":22},"end":{"line":54,"column":37}}},"7":{"name":"(anonymous_7)","line":72,"loc":{"start":{"line":72,"column":16},"end":{"line":72,"column":60}}},"8":{"name":"(anonymous_8)","line":76,"loc":{"start":{"line":76,"column":31},"end":{"line":76,"column":51}}},"9":{"name":"(anonymous_9)","line":78,"loc":{"start":{"line":78,"column":24},"end":{"line":78,"column":38}}}},"statementMap":{"1":{"start":{"line":4,"column":0},"end":{"line":9,"column":40}},"2":{"start":{"line":18,"column":0},"end":{"line":22,"column":2}},"3":{"start":{"line":19,"column":2},"end":{"line":19,"column":34}},"4":{"start":{"line":20,"column":2},"end":{"line":20,"column":23}},"5":{"start":{"line":21,"column":2},"end":{"line":21,"column":15}},"6":{"start":{"line":31,"column":0},"end":{"line":35,"column":2}},"7":{"start":{"line":32,"column":2},"end":{"line":32,"column":34}},"8":{"start":{"line":33,"column":2},"end":{"line":33,"column":25}},"9":{"start":{"line":34,"column":2},"end":{"line":34,"column":15}},"10":{"start":{"line":37,"column":0},"end":{"line":63,"column":1}},"11":{"start":{"line":38,"column":2},"end":{"line":44,"column":38}},"12":{"start":{"line":46,"column":2},"end":{"line":49,"column":5}},"13":{"start":{"line":47,"column":4},"end":{"line":47,"column":16}},"14":{"start":{"line":48,"column":4},"end":{"line":48,"column":26}},"15":{"start":{"line":50,"column":2},"end":{"line":52,"column":5}},"16":{"start":{"line":51,"column":4},"end":{"line":51,"column":16}},"17":{"start":{"line":53,"column":2},"end":{"line":53,"column":23}},"18":{"start":{"line":54,"column":2},"end":{"line":62,"column":5}},"19":{"start":{"line":55,"column":4},"end":{"line":61,"column":5}},"20":{"start":{"line":56,"column":6},"end":{"line":58,"column":7}},"21":{"start":{"line":57,"column":8},"end":{"line":57,"column":32}},"22":{"start":{"line":60,"column":6},"end":{"line":60,"column":29}},"23":{"start":{"line":72,"column":0},"end":{"line":83,"column":2}},"24":{"start":{"line":73,"column":2},"end":{"line":82,"column":3}},"25":{"start":{"line":74,"column":4},"end":{"line":74,"column":46}},"26":{"start":{"line":76,"column":4},"end":{"line":81,"column":7}},"27":{"start":{"line":77,"column":6},"end":{"line":77,"column":40}},"28":{"start":{"line":78,"column":6},"end":{"line":80,"column":9}},"29":{"start":{"line":79,"column":8},"end":{"line":79,"column":45}}},"branchMap":{"1":{"line":55,"type":"if","locations":[{"start":{"line":55,"column":4},"end":{"line":55,"column":4}},{"start":{"line":55,"column":4},"end":{"line":55,"column":4}}]},"2":{"line":55,"type":"binary-expr","locations":[{"start":{"line":55,"column":7},"end":{"line":55,"column":17}},{"start":{"line":55,"column":21},"end":{"line":55,"column":47}}]},"3":{"line":56,"type":"if","locations":[{"start":{"line":56,"column":6},"end":{"line":56,"column":6}},{"start":{"line":56,"column":6},"end":{"line":56,"column":6}}]},"4":{"line":73,"type":"if","locations":[{"start":{"line":73,"column":2},"end":{"line":73,"column":2}},{"start":{"line":73,"column":2},"end":{"line":73,"column":2}}]}},"code":["/**"," * Module dependencies."," */","var path = require('path'),","  spawn  = require('child_process').spawn,","  temp = require('temp'),","  fs = require('fs'),","  fsExt = require('./deps/core_ext/fs-ext'),","  Graph = require('./deps/graph').Graph;","","/**"," * Create a new undirected graph"," * @constructor"," * @param {String} id The graphID"," * @return {Graph}"," * @api public"," */","exports.graph = function(id) {","  var graph = new Graph(null, id);","  graph.type = 'graph';","  return graph;","};","","/**"," * Create a new directed graph"," * @constructor"," * @param {String} id The graphID"," * @return {Graph}"," * @api public "," */","exports.digraph = function(id) {","  var graph = new Graph(null, id);","  graph.type = 'digraph';","  return graph;  ","};","","function _parse(file, callback, errback) {","  var gvprScript = path.join(__dirname, \"ext\", \"gvpr\", \"dot2js.g\"),","    parameters = [\"-f\" + gvprScript, file],","    cmd = \"gvpr\",","    __graph_eval,","    err = '',","    out = '',","    graphviz = spawn(cmd, parameters);","","  graphviz.stdout.on('data', function(data) {","    out += data;","    eval(data.toString());","  });","  graphviz.stderr.on('data', function(data) {","    err += data;","  });","  graphviz.stdin.end();","  graphviz.on('exit', function(code) {","    if(code !== 0 || __graph_eval === undefined) {","      if(errback) { ","        errback(code, out, err); ","      }","    } else {","      callback(__graph_eval);","    }","  });","}","/**"," * Create a new graph from a dot script"," * @constructor"," * @param {String} file_or_script The DOT script or file"," * @param {Function} callback"," * @param {Function} errback"," * @api public "," */","exports.parse = function(file_or_script, callback, errback) {","  if(fsExt.exist(file_or_script)) {","    _parse(file_or_script, callback, errback);","  } else {","    temp.open('node-graphviz', function(err, info) {","      fs.write(info.fd, file_or_script);","      fs.close(info.fd, function(err) {","        _parse(info.path, callback, errback);","      });","    });","  }","};",""],"l":{"4":1,"18":1,"19":0,"20":0,"21":0,"31":1,"32":0,"33":0,"34":0,"37":1,"38":0,"46":0,"47":0,"48":0,"50":0,"51":0,"53":0,"54":0,"55":0,"56":0,"57":0,"60":0,"72":1,"73":0,"74":0,"76":0,"77":0,"78":0,"79":0}},"/home/travis/build/npmtest/node-npmtest-graphviz/node_modules/graphviz/lib/deps/core_ext/fs-ext.js":{"path":"/home/travis/build/npmtest/node-npmtest-graphviz/node_modules/graphviz/lib/deps/core_ext/fs-ext.js","s":{"1":1,"2":1,"3":0,"4":0,"5":0,"6":0},"b":{},"f":{"1":0},"fnMap":{"1":{"name":"(anonymous_1)","line":3,"loc":{"start":{"line":3,"column":16},"end":{"line":3,"column":31}}}},"statementMap":{"1":{"start":{"line":1,"column":0},"end":{"line":1,"column":23}},"2":{"start":{"line":3,"column":0},"end":{"line":11,"column":1}},"3":{"start":{"line":4,"column":2},"end":{"line":9,"column":3}},"4":{"start":{"line":5,"column":4},"end":{"line":5,"column":24}},"5":{"start":{"line":8,"column":4},"end":{"line":8,"column":20}},"6":{"start":{"line":10,"column":2},"end":{"line":10,"column":17}}},"branchMap":{},"code":["var fs = require('fs');","","exports.exist = function(path) {","  try {","    fs.statSync( path );","  }","  catch(e) {","    return( false );","  }","  return( true );","}",""],"l":{"1":1,"3":1,"4":0,"5":0,"8":0,"10":0}},"/home/travis/build/npmtest/node-npmtest-graphviz/node_modules/graphviz/lib/deps/graph.js":{"path":"/home/travis/build/npmtest/node-npmtest-graphviz/node_modules/graphviz/lib/deps/graph.js","s":{"1":1,"2":1,"3":0,"4":0,"5":0,"6":0,"7":0,"8":0,"9":0,"10":0,"11":0,"12":0,"13":0,"14":0,"15":0,"16":1,"17":0,"18":0,"19":0,"20":0,"21":0,"22":1,"23":0,"24":1,"25":0,"26":0,"27":0,"28":1,"29":0,"30":1,"31":0,"32":0,"33":0,"34":0,"35":0,"36":0,"37":0,"38":0,"39":0,"40":0,"41":0,"42":0,"43":0,"44":0,"45":0,"46":0,"47":1,"48":0,"49":1,"50":0,"51":0,"52":0,"53":0,"54":1,"55":0,"56":1,"57":0,"58":1,"59":0,"60":1,"61":0,"62":1,"63":0,"64":1,"65":0,"66":1,"67":0,"68":1,"69":0,"70":1,"71":0,"72":0,"73":0,"74":0,"75":0,"76":0,"77":0,"78":0,"79":0,"80":0,"81":0,"82":0,"83":0,"84":0,"85":0,"86":0,"87":0,"88":0,"89":1,"90":0,"91":0,"92":0,"93":0,"94":0,"95":0,"96":0,"97":0,"98":0,"99":0,"100":0,"101":0,"102":0,"103":0,"104":0,"105":0,"106":0,"107":0,"108":0,"109":0,"110":0,"111":0,"112":0,"113":0,"114":0,"115":0,"116":0,"117":0,"118":0,"119":0,"120":0,"121":0,"122":0,"123":0,"124":0,"125":0,"126":0,"127":0,"128":0,"129":0,"130":0,"131":0,"132":0,"133":0,"134":0,"135":0,"136":0,"137":0,"138":0,"139":0,"140":0,"141":0,"142":0,"143":0,"144":1,"145":0,"146":1,"147":0},"b":{"1":[0,0],"2":[0,0],"3":[0,0],"4":[0,0],"5":[0,0],"6":[0,0],"7":[0,0],"8":[0,0],"9":[0,0],"10":[0,0],"11":[0,0],"12":[0,0],"13":[0,0],"14":[0,0],"15":[0,0],"16":[0,0],"17":[0,0],"18":[0,0],"19":[0,0],"20":[0,0],"21":[0,0],"22":[0,0],"23":[0,0],"24":[0,0],"25":[0,0],"26":[0,0],"27":[0,0]},"f":{"1":0,"2":0,"3":0,"4":0,"5":0,"6":0,"7":0,"8":0,"9":0,"10":0,"11":0,"12":0,"13":0,"14":0,"15":0,"16":0,"17":0,"18":0,"19":0,"20":0,"21":0,"22":0,"23":0,"24":0},"fnMap":{"1":{"name":"(anonymous_1)","line":21,"loc":{"start":{"line":21,"column":28},"end":{"line":21,"column":48}}},"2":{"name":"(anonymous_2)","line":47,"loc":{"start":{"line":47,"column":26},"end":{"line":47,"column":46}}},"3":{"name":"(anonymous_3)","line":65,"loc":{"start":{"line":65,"column":26},"end":{"line":65,"column":39}}},"4":{"name":"(anonymous_4)","line":69,"loc":{"start":{"line":69,"column":23},"end":{"line":69,"column":36}}},"5":{"name":"(anonymous_5)","line":82,"loc":{"start":{"line":82,"column":28},"end":{"line":82,"column":39}}},"6":{"name":"(anonymous_6)","line":95,"loc":{"start":{"line":95,"column":26},"end":{"line":95,"column":60}}},"7":{"name":"(anonymous_7)","line":128,"loc":{"start":{"line":128,"column":28},"end":{"line":128,"column":39}}},"8":{"name":"(anonymous_8)","line":139,"loc":{"start":{"line":139,"column":29},"end":{"line":139,"column":42}}},"9":{"name":"(anonymous_9)","line":153,"loc":{"start":{"line":153,"column":29},"end":{"line":153,"column":42}}},"10":{"name":"(anonymous_10)","line":163,"loc":{"start":{"line":163,"column":31},"end":{"line":163,"column":42}}},"11":{"name":"(anonymous_11)","line":174,"loc":{"start":{"line":174,"column":22},"end":{"line":174,"column":44}}},"12":{"name":"(anonymous_12)","line":185,"loc":{"start":{"line":185,"column":22},"end":{"line":185,"column":37}}},"13":{"name":"(anonymous_13)","line":196,"loc":{"start":{"line":196,"column":34},"end":{"line":196,"column":56}}},"14":{"name":"(anonymous_14)","line":207,"loc":{"start":{"line":207,"column":34},"end":{"line":207,"column":49}}},"15":{"name":"(anonymous_15)","line":218,"loc":{"start":{"line":218,"column":34},"end":{"line":218,"column":56}}},"16":{"name":"(anonymous_16)","line":229,"loc":{"start":{"line":229,"column":34},"end":{"line":229,"column":49}}},"17":{"name":"(anonymous_17)","line":239,"loc":{"start":{"line":239,"column":25},"end":{"line":239,"column":36}}},"18":{"name":"(anonymous_18)","line":298,"loc":{"start":{"line":298,"column":25},"end":{"line":298,"column":78}}},"19":{"name":"(anonymous_19)","line":352,"loc":{"start":{"line":352,"column":20},"end":{"line":352,"column":35}}},"20":{"name":"(anonymous_20)","line":365,"loc":{"start":{"line":365,"column":18},"end":{"line":365,"column":33}}},"21":{"name":"(anonymous_21)","line":370,"loc":{"start":{"line":370,"column":29},"end":{"line":370,"column":44}}},"22":{"name":"(anonymous_22)","line":373,"loc":{"start":{"line":373,"column":22},"end":{"line":373,"column":37}}},"23":{"name":"(anonymous_23)","line":384,"loc":{"start":{"line":384,"column":25},"end":{"line":384,"column":67}}},"24":{"name":"(anonymous_24)","line":394,"loc":{"start":{"line":394,"column":34},"end":{"line":394,"column":49}}}},"statementMap":{"1":{"start":{"line":4,"column":0},"end":{"line":11,"column":42}},"2":{"start":{"line":21,"column":0},"end":{"line":37,"column":2}},"3":{"start":{"line":22,"column":2},"end":{"line":22,"column":29}},"4":{"start":{"line":23,"column":2},"end":{"line":23,"column":15}},"5":{"start":{"line":24,"column":2},"end":{"line":24,"column":22}},"6":{"start":{"line":25,"column":2},"end":{"line":25,"column":19}},"7":{"start":{"line":26,"column":2},"end":{"line":26,"column":26}},"8":{"start":{"line":27,"column":2},"end":{"line":27,"column":27}},"9":{"start":{"line":28,"column":2},"end":{"line":28,"column":29}},"10":{"start":{"line":29,"column":2},"end":{"line":33,"column":3}},"11":{"start":{"line":30,"column":4},"end":{"line":30,"column":45}},"12":{"start":{"line":32,"column":4},"end":{"line":32,"column":45}},"13":{"start":{"line":34,"column":2},"end":{"line":34,"column":43}},"14":{"start":{"line":35,"column":2},"end":{"line":35,"column":43}},"15":{"start":{"line":36,"column":2},"end":{"line":36,"column":19}},"16":{"start":{"line":47,"column":0},"end":{"line":56,"column":1}},"17":{"start":{"line":48,"column":2},"end":{"line":48,"column":45}},"18":{"start":{"line":49,"column":2},"end":{"line":53,"column":3}},"19":{"start":{"line":50,"column":4},"end":{"line":52,"column":5}},"20":{"start":{"line":51,"column":6},"end":{"line":51,"column":46}},"21":{"start":{"line":55,"column":2},"end":{"line":55,"column":30}},"22":{"start":{"line":65,"column":0},"end":{"line":67,"column":1}},"23":{"start":{"line":66,"column":2},"end":{"line":66,"column":30}},"24":{"start":{"line":69,"column":0},"end":{"line":74,"column":1}},"25":{"start":{"line":70,"column":1},"end":{"line":72,"column":2}},"26":{"start":{"line":71,"column":2},"end":{"line":71,"column":19}},"27":{"start":{"line":73,"column":1},"end":{"line":73,"column":29}},"28":{"start":{"line":82,"column":0},"end":{"line":84,"column":1}},"29":{"start":{"line":83,"column":2},"end":{"line":83,"column":27}},"30":{"start":{"line":95,"column":0},"end":{"line":120,"column":1}},"31":{"start":{"line":96,"column":2},"end":{"line":96,"column":25}},"32":{"start":{"line":97,"column":2},"end":{"line":97,"column":25}},"33":{"start":{"line":98,"column":2},"end":{"line":103,"column":3}},"34":{"start":{"line":99,"column":4},"end":{"line":99,"column":41}},"35":{"start":{"line":100,"column":4},"end":{"line":102,"column":5}},"36":{"start":{"line":101,"column":6},"end":{"line":101,"column":41}},"37":{"start":{"line":104,"column":2},"end":{"line":109,"column":3}},"38":{"start":{"line":105,"column":4},"end":{"line":105,"column":41}},"39":{"start":{"line":106,"column":4},"end":{"line":108,"column":5}},"40":{"start":{"line":107,"column":6},"end":{"line":107,"column":41}},"41":{"start":{"line":111,"column":2},"end":{"line":111,"column":48}},"42":{"start":{"line":112,"column":2},"end":{"line":116,"column":3}},"43":{"start":{"line":113,"column":4},"end":{"line":115,"column":5}},"44":{"start":{"line":114,"column":6},"end":{"line":114,"column":30}},"45":{"start":{"line":117,"column":2},"end":{"line":117,"column":26}},"46":{"start":{"line":119,"column":2},"end":{"line":119,"column":14}},"47":{"start":{"line":128,"column":0},"end":{"line":130,"column":2}},"48":{"start":{"line":129,"column":2},"end":{"line":129,"column":27}},"49":{"start":{"line":139,"column":0},"end":{"line":144,"column":1}},"50":{"start":{"line":140,"column":2},"end":{"line":140,"column":36}},"51":{"start":{"line":141,"column":2},"end":{"line":141,"column":27}},"52":{"start":{"line":142,"column":2},"end":{"line":142,"column":37}},"53":{"start":{"line":143,"column":2},"end":{"line":143,"column":17}},"54":{"start":{"line":153,"column":0},"end":{"line":155,"column":1}},"55":{"start":{"line":154,"column":2},"end":{"line":154,"column":33}},"56":{"start":{"line":163,"column":0},"end":{"line":165,"column":1}},"57":{"start":{"line":164,"column":2},"end":{"line":164,"column":30}},"58":{"start":{"line":174,"column":0},"end":{"line":176,"column":1}},"59":{"start":{"line":175,"column":2},"end":{"line":175,"column":39}},"60":{"start":{"line":185,"column":0},"end":{"line":187,"column":1}},"61":{"start":{"line":186,"column":2},"end":{"line":186,"column":39}},"62":{"start":{"line":196,"column":0},"end":{"line":198,"column":1}},"63":{"start":{"line":197,"column":2},"end":{"line":197,"column":39}},"64":{"start":{"line":207,"column":0},"end":{"line":209,"column":1}},"65":{"start":{"line":208,"column":2},"end":{"line":208,"column":39}},"66":{"start":{"line":218,"column":0},"end":{"line":220,"column":1}},"67":{"start":{"line":219,"column":2},"end":{"line":219,"column":39}},"68":{"start":{"line":229,"column":0},"end":{"line":231,"column":1}},"69":{"start":{"line":230,"column":2},"end":{"line":230,"column":39}},"70":{"start":{"line":239,"column":0},"end":{"line":280,"column":1}},"71":{"start":{"line":240,"column":2},"end":{"line":240,"column":21}},"72":{"start":{"line":241,"column":2},"end":{"line":245,"column":3}},"73":{"start":{"line":242,"column":4},"end":{"line":242,"column":50}},"74":{"start":{"line":244,"column":4},"end":{"line":244,"column":46}},"75":{"start":{"line":248,"column":2},"end":{"line":250,"column":3}},"76":{"start":{"line":249,"column":4},"end":{"line":249,"column":77}},"77":{"start":{"line":253,"column":2},"end":{"line":255,"column":3}},"78":{"start":{"line":254,"column":4},"end":{"line":254,"column":76}},"79":{"start":{"line":258,"column":2},"end":{"line":260,"column":3}},"80":{"start":{"line":259,"column":4},"end":{"line":259,"column":76}},"81":{"start":{"line":263,"column":2},"end":{"line":265,"column":3}},"82":{"start":{"line":264,"column":4},"end":{"line":264,"column":67}},"83":{"start":{"line":268,"column":2},"end":{"line":270,"column":3}},"84":{"start":{"line":269,"column":4},"end":{"line":269,"column":72}},"85":{"start":{"line":273,"column":2},"end":{"line":275,"column":3}},"86":{"start":{"line":274,"column":4},"end":{"line":274,"column":65}},"87":{"start":{"line":277,"column":2},"end":{"line":277,"column":31}},"88":{"start":{"line":279,"column":2},"end":{"line":279,"column":19}},"89":{"start":{"line":298,"column":0},"end":{"line":382,"column":1}},"90":{"start":{"line":299,"column":1},"end":{"line":299,"column":21}},"91":{"start":{"line":302,"column":1},"end":{"line":302,"column":28}},"92":{"start":{"line":303,"column":1},"end":{"line":339,"column":2}},"93":{"start":{"line":304,"column":2},"end":{"line":304,"column":30}},"94":{"start":{"line":307,"column":2},"end":{"line":307,"column":76}},"95":{"start":{"line":307,"column":43},"end":{"line":307,"column":74}},"96":{"start":{"line":310,"column":2},"end":{"line":310,"column":81}},"97":{"start":{"line":310,"column":44},"end":{"line":310,"column":79}},"98":{"start":{"line":313,"column":2},"end":{"line":320,"column":3}},"99":{"start":{"line":314,"column":3},"end":{"line":319,"column":6}},"100":{"start":{"line":315,"column":4},"end":{"line":317,"column":5}},"101":{"start":{"line":316,"column":5},"end":{"line":316,"column":71}},"102":{"start":{"line":318,"column":7},"end":{"line":318,"column":63}},"103":{"start":{"line":322,"column":2},"end":{"line":329,"column":3}},"104":{"start":{"line":323,"column":3},"end":{"line":328,"column":6}},"105":{"start":{"line":324,"column":4},"end":{"line":326,"column":5}},"106":{"start":{"line":325,"column":5},"end":{"line":325,"column":70}},"107":{"start":{"line":327,"column":7},"end":{"line":327,"column":63}},"108":{"start":{"line":331,"column":2},"end":{"line":338,"column":3}},"109":{"start":{"line":332,"column":3},"end":{"line":337,"column":6}},"110":{"start":{"line":333,"column":4},"end":{"line":335,"column":5}},"111":{"start":{"line":334,"column":5},"end":{"line":334,"column":71}},"112":{"start":{"line":336,"column":7},"end":{"line":336,"column":63}},"113":{"start":{"line":340,"column":1},"end":{"line":340,"column":32}},"114":{"start":{"line":342,"column":2},"end":{"line":342,"column":32}},"115":{"start":{"line":344,"column":2},"end":{"line":344,"column":21}},"116":{"start":{"line":345,"column":2},"end":{"line":347,"column":3}},"117":{"start":{"line":346,"column":4},"end":{"line":346,"column":44}},"118":{"start":{"line":349,"column":2},"end":{"line":349,"column":22}},"119":{"start":{"line":350,"column":2},"end":{"line":350,"column":14}},"120":{"start":{"line":351,"column":2},"end":{"line":351,"column":14}},"121":{"start":{"line":352,"column":2},"end":{"line":361,"column":4}},"122":{"start":{"line":353,"column":4},"end":{"line":360,"column":5}},"123":{"start":{"line":354,"column":6},"end":{"line":354,"column":22}},"124":{"start":{"line":356,"column":6},"end":{"line":356,"column":55}},"125":{"start":{"line":357,"column":6},"end":{"line":357,"column":30}},"126":{"start":{"line":358,"column":6},"end":{"line":358,"column":40}},"127":{"start":{"line":359,"column":6},"end":{"line":359,"column":20}},"128":{"start":{"line":363,"column":2},"end":{"line":366,"column":3}},"129":{"start":{"line":364,"column":4},"end":{"line":364,"column":46}},"130":{"start":{"line":365,"column":4},"end":{"line":365,"column":49}},"131":{"start":{"line":365,"column":35},"end":{"line":365,"column":47}},"132":{"start":{"line":368,"column":2},"end":{"line":368,"column":36}},"133":{"start":{"line":369,"column":2},"end":{"line":369,"column":42}},"134":{"start":{"line":370,"column":2},"end":{"line":372,"column":5}},"135":{"start":{"line":371,"column":4},"end":{"line":371,"column":16}},"136":{"start":{"line":373,"column":2},"end":{"line":379,"column":5}},"137":{"start":{"line":374,"column":4},"end":{"line":378,"column":5}},"138":{"start":{"line":375,"column":6},"end":{"line":375,"column":45}},"139":{"start":{"line":375,"column":20},"end":{"line":375,"column":44}},"140":{"start":{"line":377,"column":6},"end":{"line":377,"column":78}},"141":{"start":{"line":377,"column":51},"end":{"line":377,"column":78}},"142":{"start":{"line":380,"column":2},"end":{"line":380,"column":38}},"143":{"start":{"line":381,"column":2},"end":{"line":381,"column":23}},"144":{"start":{"line":384,"column":0},"end":{"line":386,"column":1}},"145":{"start":{"line":385,"column":2},"end":{"line":385,"column":47}},"146":{"start":{"line":394,"column":0},"end":{"line":396,"column":1}},"147":{"start":{"line":395,"column":2},"end":{"line":395,"column":21}}},"branchMap":{"1":{"line":29,"type":"if","locations":[{"start":{"line":29,"column":2},"end":{"line":29,"column":2}},{"start":{"line":29,"column":2},"end":{"line":29,"column":2}}]},"2":{"line":49,"type":"if","locations":[{"start":{"line":49,"column":2},"end":{"line":49,"column":2}},{"start":{"line":49,"column":2},"end":{"line":49,"column":2}}]},"3":{"line":70,"type":"if","locations":[{"start":{"line":70,"column":1},"end":{"line":70,"column":1}},{"start":{"line":70,"column":1},"end":{"line":70,"column":1}}]},"4":{"line":98,"type":"if","locations":[{"start":{"line":98,"column":2},"end":{"line":98,"column":2}},{"start":{"line":98,"column":2},"end":{"line":98,"column":2}}]},"5":{"line":100,"type":"if","locations":[{"start":{"line":100,"column":4},"end":{"line":100,"column":4}},{"start":{"line":100,"column":4},"end":{"line":100,"column":4}}]},"6":{"line":104,"type":"if","locations":[{"start":{"line":104,"column":2},"end":{"line":104,"column":2}},{"start":{"line":104,"column":2},"end":{"line":104,"column":2}}]},"7":{"line":106,"type":"if","locations":[{"start":{"line":106,"column":4},"end":{"line":106,"column":4}},{"start":{"line":106,"column":4},"end":{"line":106,"column":4}}]},"8":{"line":112,"type":"if","locations":[{"start":{"line":112,"column":2},"end":{"line":112,"column":2}},{"start":{"line":112,"column":2},"end":{"line":112,"column":2}}]},"9":{"line":241,"type":"if","locations":[{"start":{"line":241,"column":2},"end":{"line":241,"column":2}},{"start":{"line":241,"column":2},"end":{"line":241,"column":2}}]},"10":{"line":248,"type":"if","locations":[{"start":{"line":248,"column":2},"end":{"line":248,"column":2}},{"start":{"line":248,"column":2},"end":{"line":248,"column":2}}]},"11":{"line":253,"type":"if","locations":[{"start":{"line":253,"column":2},"end":{"line":253,"column":2}},{"start":{"line":253,"column":2},"end":{"line":253,"column":2}}]},"12":{"line":258,"type":"if","locations":[{"start":{"line":258,"column":2},"end":{"line":258,"column":2}},{"start":{"line":258,"column":2},"end":{"line":258,"column":2}}]},"13":{"line":303,"type":"if","locations":[{"start":{"line":303,"column":1},"end":{"line":303,"column":1}},{"start":{"line":303,"column":1},"end":{"line":303,"column":1}}]},"14":{"line":307,"type":"if","locations":[{"start":{"line":307,"column":2},"end":{"line":307,"column":2}},{"start":{"line":307,"column":2},"end":{"line":307,"column":2}}]},"15":{"line":310,"type":"if","locations":[{"start":{"line":310,"column":2},"end":{"line":310,"column":2}},{"start":{"line":310,"column":2},"end":{"line":310,"column":2}}]},"16":{"line":313,"type":"if","locations":[{"start":{"line":313,"column":2},"end":{"line":313,"column":2}},{"start":{"line":313,"column":2},"end":{"line":313,"column":2}}]},"17":{"line":315,"type":"if","locations":[{"start":{"line":315,"column":4},"end":{"line":315,"column":4}},{"start":{"line":315,"column":4},"end":{"line":315,"column":4}}]},"18":{"line":322,"type":"if","locations":[{"start":{"line":322,"column":2},"end":{"line":322,"column":2}},{"start":{"line":322,"column":2},"end":{"line":322,"column":2}}]},"19":{"line":324,"type":"if","locations":[{"start":{"line":324,"column":4},"end":{"line":324,"column":4}},{"start":{"line":324,"column":4},"end":{"line":324,"column":4}}]},"20":{"line":331,"type":"if","locations":[{"start":{"line":331,"column":2},"end":{"line":331,"column":2}},{"start":{"line":331,"column":2},"end":{"line":331,"column":2}}]},"21":{"line":333,"type":"if","locations":[{"start":{"line":333,"column":4},"end":{"line":333,"column":4}},{"start":{"line":333,"column":4},"end":{"line":333,"column":4}}]},"22":{"line":345,"type":"if","locations":[{"start":{"line":345,"column":2},"end":{"line":345,"column":2}},{"start":{"line":345,"column":2},"end":{"line":345,"column":2}}]},"23":{"line":353,"type":"if","locations":[{"start":{"line":353,"column":4},"end":{"line":353,"column":4}},{"start":{"line":353,"column":4},"end":{"line":353,"column":4}}]},"24":{"line":363,"type":"if","locations":[{"start":{"line":363,"column":2},"end":{"line":363,"column":2}},{"start":{"line":363,"column":2},"end":{"line":363,"column":2}}]},"25":{"line":374,"type":"if","locations":[{"start":{"line":374,"column":4},"end":{"line":374,"column":4}},{"start":{"line":374,"column":4},"end":{"line":374,"column":4}}]},"26":{"line":375,"type":"if","locations":[{"start":{"line":375,"column":6},"end":{"line":375,"column":6}},{"start":{"line":375,"column":6},"end":{"line":375,"column":6}}]},"27":{"line":377,"type":"if","locations":[{"start":{"line":377,"column":6},"end":{"line":377,"column":6}},{"start":{"line":377,"column":6},"end":{"line":377,"column":6}}]}},"code":["/**"," * Module dependencies"," */","var Hash = require( './core_ext/hash' ).Hash,","  Node = require( './node' ).Node,","  Edge = require( './edge' ).Edge,","  gvattrs = require( './attributs' ),","  Attributs = gvattrs.Attributs,","  util = require('util'),","  path = require('path'),","  spawn  = require('child_process').spawn;","","/**"," * Create a new graph"," * @constructor"," * @param {Graph} graph Parent Graph"," * @param {String} id The graphID"," * @return {Graph}"," * @api public"," */","var Graph = exports.Graph = function(graph, id) {","  this.relativeGraph = graph;","  this.id = id;","  this.type = 'graph';","  this.gvPath = '';","  this.nodes = new Hash();","  this.edges = new Array();","  this.clusters = new Hash();","  if( this.relativeGraph == null ) {","    this.graphAttributs = new Attributs(\"G\");","  } else {","    this.graphAttributs = new Attributs(\"C\");","  }","  this.nodesAttributs = new Attributs(\"N\");","  this.edgesAttributs = new Attributs(\"E\");","  this.use = 'dot';","};","","/**"," * Create a new node"," *"," * @param {String} id The node ID"," * @param {Object} attrs Node attributs"," * @return {Node}"," * @api public"," */","Graph.prototype.addNode = function(id, attrs) {","  this.nodes.setItem(id, new Node(this, id));","  if( attrs ) {","    for( k in attrs ) {","      this.nodes.items[id].set( k, attrs[k] );","    }","  }","","  return this.nodes.items[id];","}","","/**"," * Return a node for a given ID"," *"," * @param {String} id The node ID"," * @return {Node}"," * @api public"," */","Graph.prototype.getNode = function(id) {","  return this.nodes.items[id];","}","","Graph.prototype.from = function(id) {","\tif( this.nodes.items[id] == undefined ) {","\t\tthis.addNode(id);","\t}","\treturn this.nodes.items[id];","}","","/**"," * Return the number of nodes in the current graph"," *"," * @return {Integer}"," * @api public"," */","Graph.prototype.nodeCount = function() {","  return this.nodes.length;","}","","/**"," * Create a new edge"," *"," * @param {String|Node} nodeOne"," * @param {String|Node} nodeTwo"," * @param {Object} attrs Node attributs"," * @return {Edge}"," * @api public"," */","Graph.prototype.addEdge = function(nodeOne, nodeTwo, attrs) {","  var _nodeOne = nodeOne;","  var _nodeTwo = nodeTwo;","  if( typeof(nodeOne) == 'string' ) {","    _nodeOne = this.nodes.items[nodeOne];","    if( _nodeOne == null ) {","      _nodeOne = this.addNode( nodeOne );","    }","  }","  if( typeof(nodeTwo) == 'string' ) {","    _nodeTwo = this.nodes.items[nodeTwo];","    if( _nodeTwo == null ) {","      _nodeTwo = this.addNode( nodeTwo );","    }","  }","  ","  var edge = new Edge(this, _nodeOne, _nodeTwo);","  if( attrs ) {","    for( k in attrs ) {","      edge.set( k, attrs[k] );","    }","  }","  this.edges.push( edge );","  ","  return edge;","}","","/**"," * Return the number of edges in the current graph"," *"," * @return {Integer}"," * @api public"," */","Graph.prototype.edgeCount = function() {","  return this.edges.length;","};","","/**"," * Create a new subgraph"," *"," * @param {String} id The subgraph ID"," * @return {Graph}"," * @api public"," */","Graph.prototype.addCluster = fun
[...]
,"  \"fontname\" :           { \"usage\" : \"ENGC\", \"type\" : \"string\" },","  \"fontnames\" :          { \"usage\" : \"G\",    \"type\" : \"string\" },","  \"fontpath\" :           { \"usage\" : \"G\",    \"type\" : \"string\" },","  \"fontsize\" :           { \"usage\" : \"ENGC\", \"type\" : \"double\" },","  \"group\" :              { \"usage\" : \"N\",    \"type\" : \"string\" },","  \"headURL\" :            { \"usage\" : \"E\",    \"type\" : \"escString\" },","  \"headclip\" :           { \"usage\" : \"E\",    \"type\" : \"bool\" },","  \"headhref\" :           { \"usage\" : \"E\",    \"type\" : \"escString\" },","  \"headlabel\" :          { \"usage\" : \"E\",    \"type\" : \"lblString\" },","  \"headport\" :           { \"usage\" : \"E\",    \"type\" : \"portPos\" },","  \"headtarget\" :         { \"usage\" : \"E\",    \"type\" : \"escString\" },","  \"headtooltip\" :        { \"usage\" : \"E\",    \"type\" : \"escString\" },","  \"height\" :             { \"usage\" : \"N\",    \"type\" : \"double\" },","  \"href\" :               { \"usage\" : \"ENGC\", \"type\" : \"escString\" },","  \"id\" :                 { \"usage\" : \"GNE\",  \"type\" : \"lblString\" },","  \"image\" :              { \"usage\" : \"N\",    \"type\" : \"string\" },","  \"imagepath\" :          { \"usage\" : \"G\",    \"type\" : \"string\" },","  \"imagescale\" :         { \"usage\" : \"N\",    \"type\" : \"string\" },","  \"label\" :              { \"usage\" : \"ENGC\", \"type\" : \"lblString\" },","  \"labelURL\" :           { \"usage\" : \"E\",    \"type\" : \"escString\" },","  \"labelangle\" :         { \"usage\" : \"E\",    \"type\" : \"double\" },","  \"labeldistance\" :      { \"usage\" : \"E\",    \"type\" : \"double\" },","  \"labelfloat\" :         { \"usage\" : \"E\",    \"type\" : \"bool\" },","  \"labelfontcolor\" :     { \"usage\" : \"E\",    \"type\" : \"color\" },","  \"labelfontname\" :      { \"usage\" : \"E\",    \"type\" : \"string\" },","  \"labelfontsize\" :      { \"usage\" : \"E\",    \"type\" : \"double\" },","  \"labelhref\" :          { \"usage\" : \"E\",    \"type\" : \"escString\" },","  \"labeljust\" :          { \"usage\" : \"GC\",   \"type\" : \"string\" },","  \"labelloc\" :           { \"usage\" : \"NGC\",  \"type\" : \"string\" },","  \"labeltarget\" :        { \"usage\" : \"E\",    \"type\" : \"escString\" },","  \"labeltooltip\" :       { \"usage\" : \"E\",    \"type\" : \"escString\" },","  \"landscape\" :          { \"usage\" : \"G\",    \"type\" : \"bool\" },","  \"layer\" :              { \"usage\" : \"ENC\",  \"type\" : \"layerRange\" },","  \"layerlistsep\" :       { \"usage\" : \"G\",    \"type\" : \"string\" },","  \"layers\" :             { \"usage\" : \"G\",    \"type\" : \"layerList\" },","  \"layerselect\" :        { \"usage\" : \"G\",    \"type\" : \"layerRange\" },","  \"layersep\" :           { \"usage\" : \"G\",    \"type\" : \"string\" },","  \"layout\" :             { \"usage\" : \"G\",    \"type\" : \"string\" },","  \"len\" :                { \"usage\" : \"E\",    \"type\" : \"double\" },","  \"levels\" :             { \"usage\" : \"G\",    \"type\" : \"int\" },","  \"levelsgap\" :          { \"usage\" : \"G\",    \"type\" : \"double\" },","  \"lhead\" :              { \"usage\" : \"E\",    \"type\" : \"string\" },","  \"lheight\" :            { \"usage\" : \"GC\",   \"type\" : \"double\" },","  \"lp\" :                 { \"usage\" : \"EGC\",  \"type\" : \"point\" },","  \"ltail\" :              { \"usage\" : \"E\",    \"type\" : \"string\" },","  \"lwidth\" :             { \"usage\" : \"GC\",   \"type\" : \"double\" },","  \"margin\" :             { \"usage\" : \"NGC\",  \"type\" : \"pointf\" },","  \"maxiter\" :            { \"usage\" : \"G\",    \"type\" : \"int\" },","  \"mclimit\" :            { \"usage\" : \"G\",    \"type\" : \"double\" },","  \"mindist\" :            { \"usage\" : \"G\",    \"type\" : \"double\" },","  \"minlen\" :             { \"usage\" : \"E\",    \"type\" : \"int\" },","  \"mode\" :               { \"usage\" : \"G\",    \"type\" : \"string\" },","  \"model\" :              { \"usage\" : \"G\",    \"type\" : \"string\" },","  \"mosek\" :              { \"usage\" : \"G\",    \"type\" : \"bool\" },","  \"nodesep\" :            { \"usage\" : \"G\",    \"type\" : \"double\" },","  \"nojustify\" :          { \"usage\" : \"GCNE\", \"type\" : \"bool\" },","  \"normalize\" :          { \"usage\" : \"G\",    \"type\" : \"bool\" },","  \"nslimit\" :            { \"usage\" : \"G\",    \"type\" : \"double\" },","  \"nslimit1\" :           { \"usage\" : \"G\",    \"type\" : \"double\" },","  \"ordering\" :           { \"usage\" : \"GN\",   \"type\" : \"string\" },","  \"orientation\" :        { \"usage\" : \"GN\",   \"type\" : \"string\" },","  \"outputorder\" :        { \"usage\" : \"G\",    \"type\" : \"outputMode\" },","  \"overlap\" :            { \"usage\" : \"G\",    \"type\" : \"string\" },","  \"overlap_scaling\" :    { \"usage\" : \"G\",    \"type\" : \"double\" },","  \"pack\" :               { \"usage\" : \"G\",    \"type\" : \"int\" },","  \"packmode\" :           { \"usage\" : \"G\",    \"type\" : \"packMode\" },","  \"pad\" :                { \"usage\" : \"G\",    \"type\" : \"pointf\" },","  \"page\" :               { \"usage\" : \"G\",    \"type\" : \"pointf\" },","  \"pagedir\" :            { \"usage\" : \"G\",    \"type\" : \"pagedir\" },","  \"pencolor\" :           { \"usage\" : \"C\",    \"type\" : \"color\" },","  \"penwidth\" :           { \"usage\" : \"CNE\",  \"type\" : \"double\" },","  \"peripheries\" :        { \"usage\" : \"NC\",   \"type\" : \"int\" },","  \"pin\" :                { \"usage\" : \"N\",    \"type\" : \"bool\" },","  \"pos\" :                { \"usage\" : \"EN\",   \"type\" : \"point\" },","  \"quadtree\" :           { \"usage\" : \"G\",    \"type\" : \"quadType\" },","  \"quantum\" :            { \"usage\" : \"G\",    \"type\" : \"double\" },","  \"rank\" :               { \"usage\" : \"S\",    \"type\" : \"rankType\" },","  \"rankdir\" :            { \"usage\" : \"G\",    \"type\" : \"rankdir\" },","  \"ranksep\" :            { \"usage\" : \"G\",    \"type\" : \"double\" },","  \"ratio\" :              { \"usage\" : \"G\",    \"type\" : \"string\" },","  \"rects\" :              { \"usage\" : \"N\",    \"type\" : \"rect\" },","  \"regular\" :            { \"usage\" : \"N\",    \"type\" : \"bool\" },","  \"remincross\" :         { \"usage\" : \"G\",    \"type\" : \"bool\" },","  \"repulsiveforce\" :     { \"usage\" : \"G\",    \"type\" : \"double\" },","  \"resolution\" :         { \"usage\" : \"G\",    \"type\" : \"double\" },","  \"root\" :               { \"usage\" : \"GN\",   \"type\" : \"string\" },","  \"rotate\" :             { \"usage\" : \"G\",    \"type\" : \"int\" },","  \"rotation\" :           { \"usage\" : \"G\",    \"type\" : \"double\" },","  \"samehead\" :           { \"usage\" : \"E\",    \"type\" : \"string\" },","  \"sametail\" :           { \"usage\" : \"E\",    \"type\" : \"string\" },","  \"samplepoints\" :       { \"usage\" : \"N\",    \"type\" : \"int\" },","  \"scale\" :              { \"usage\" : \"G\",    \"type\" : \"double\" },","  \"searchsize\" :         { \"usage\" : \"G\",    \"type\" : \"int\" },","  \"sep\" :                { \"usage\" : \"G\",    \"type\" : \"double\" },","  \"shape\" :              { \"usage\" : \"N\",    \"type\" : \"shape\" },","  \"shapefile\" :          { \"usage\" : \"N\",    \"type\" : \"string\" },","  \"showboxes\" :          { \"usage\" : \"ENG\",  \"type\" : \"int\" },","  \"sides\" :              { \"usage\" : \"N\",    \"type\" : \"int\" },","  \"size\" :               { \"usage\" : \"G\",    \"type\" : \"pointf\" },","  \"skew\" :               { \"usage\" : \"N\",    \"type\" : \"double\" },","  \"smoothing\" :          { \"usage\" : \"G\",    \"type\" : \"smoothType\" },","  \"sortv\" :              { \"usage\" : \"GCN\",  \"type\" : \"int\" },","  \"splines\" :            { \"usage\" : \"G\",    \"type\" : \"string\" },","  \"start\" :              { \"usage\" : \"G\",    \"type\" : \"startType\" },","  \"style\" :              { \"usage\" : \"ENCG\", \"type\" : \"style\" },","  \"stylesheet\" :         { \"usage\" : \"G\",    \"type\" : \"string\" },","  \"tailURL\" :            { \"usage\" : \"E\",    \"type\" : \"escString\" },","  \"tailclip\" :           { \"usage\" : \"E\",    \"type\" : \"bool\" },","  \"tailhref\" :           { \"usage\" : \"E\",    \"type\" : \"escString\" },","  \"taillabel\" :          { \"usage\" : \"E\",    \"type\" : \"lblString\" },","  \"tailport\" :           { \"usage\" : \"E\",    \"type\" : \"portPos\" },","  \"tailtarget\" :         { \"usage\" : \"E\",    \"type\" : \"escString\" },","  \"tailtooltip\" :        { \"usage\" : \"E\",    \"type\" : \"escString\" },","  \"target\" :             { \"usage\" : \"ENGC\", \"type\" : \"escString\" },","  \"tooltip\" :            { \"usage\" : \"NEC\",  \"type\" : \"escString\" },","  \"truecolor\" :          { \"usage\" : \"G\",    \"type\" : \"bool\" },","  \"vertices\" :           { \"usage\" : \"N\",    \"type\" : \"pointfList\" },","  \"viewport\" :           { \"usage\" : \"G\",    \"type\" : \"viewPort\" },","  \"voro_margin\" :        { \"usage\" : \"G\",    \"type\" : \"double\" },","  \"weight\" :             { \"usage\" : \"E\",    \"type\" : \"double\" },","  \"width\" :              { \"usage\" : \"N\",    \"type\" : \"double\" },","  \"xlabel\" :             { \"usage\" : \"EN\",   \"type\" : \"lblString\" },","  \"z\" :                  { \"usage\" : \"N\",    \"type\" : \"double\" }","};","","var gType = {","  \"E\" : \"edge\",","  \"N\" : \"node\",","  \"G\" : \"graph\",","  \"C\" : \"cluster\"","};","","var quotedTypes = [","  \"escString\",","  \"rect\",","  \"color\",","  \"colorList\",","  \"string\",","  \"lblString\",","  \"portPos\",","  \"point\",","  \"pointf\",","  \"pointfList\",","  \"splineType\",","  \"style\",","  \"viewPort\"","];","","function mustBeQuoted(data) {","  return(quotedTypes.indexOf(attrs[data].type) !== -1);","}","","function quoteMe(attr, value) {","  if(mustBeQuoted(attr)) {","    return('\"' + value + '\"');","  } else {","    return(value);","  }","}","","function validateAttribut(name, type) {","  if(attrs[name]) {","    return(attrs[name].usage.indexOf(type) > -1);","  } else {","    return(false);","  }","}","","exports.isValid = function(name, type) {","\treturn validateAttribut(name, type);","};","","var Attributs = exports.Attributs = function(t) {","  this._type = t;","  this.attributs = new Hash();","};","","Attributs.prototype.length = function() {","  return(this.attributs.length);","};","","Attributs.prototype.set = function(name, value) {","  if(validateAttribut(name, this._type) === false) {","    util.debug(\"Warning : Invalid attribut `\" + name + \"' for a \" + gType[this._type]);","    // throw \"Invalid attribut `\"+name+\"' for a \"+gType[this._type]","  }","  this.attributs.setItem(name, value);","};","","Attributs.prototype.get = function(name) {","  return this.attributs.items[name];","};","","Attributs.prototype.to_dot = function(link) {","  var attrsOutput = \"\",","\t\tsep = \"\";","  ","  if(this.attributs.length > 0) {","    attrsOutput = attrsOutput + \" [ \";","    for(var name in this.attributs.items) {","      attrsOutput = attrsOutput + sep + name + \" = \" + quoteMe(name, this.attributs.items[name]);","      sep = \", \";","    }","    attrsOutput = attrsOutput + \" ]\";","  }","  ","  return attrsOutput;","};",""],"l":{"1":1,"4":1,"166":1,"173":1,"189":1,"190":0,"193":1,"194":0,"195":0,"197":0,"201":1,"202":0,"203":0,"205":0,"209":1,"210":0,"213":1,"214":0,"215":0,"218":1,"219":0,"222":1,"223":0,"224":0,"227":0,"230":1,"231":0,"234":1,"235":0,"238":0,"239":0,"240":0,"241":0,"242":0,"244":0,"247":0}},"/home/travis/build/npmtest/node-npmtest-graphviz/node_modules/graphviz/lib/deps/edge.js":{"path":"/home/travis/build/npmtest/node-npmtest-graphviz/node_modules/graphviz/lib/deps/edge.js","s":{"1":1,"2":1,"3":0,"4":0,"5":0,"6":0,"7":1,"8":0,"9":1,"10":0,"11":1,"12":0,"13":0,"14":0,"15":0,"16":0,"17":0},"b":{"1":[0,0]},"f":{"1":0,"2":0,"3":0,"4":0},"fnMap":{"1":{"name":"(anonymous_1)","line":16,"loc":{"start":{"line":16,"column":26},"end":{"line":16,"column":60}}},"2":{"name":"(anonymous_2)","line":30,"loc":{"start":{"line":30,"column":21},"end":{"line":30,"column":43}}},"3":{"name":"(anonymous_3)","line":41,"loc":{"start":{"line":41,"column":21},"end":{"line":41,"column":36}}},"4":{"name":"(anonymous_4)","line":48,"loc":{"start":{"line":48,"column":24},"end":{"line":48,"column":35}}}},"statementMap":{"1":{"start":{"line":4,"column":0},"end":{"line":5,"column":47}},"2":{"start":{"line":16,"column":0},"end":{"line":21,"column":2}},"3":{"start":{"line":17,"column":2},"end":{"line":17,"column":29}},"4":{"start":{"line":18,"column":2},"end":{"line":18,"column":25}},"5":{"start":{"line":19,"column":2},"end":{"line":19,"column":25}},"6":{"start":{"line":20,"column":2},"end":{"line":20,"column":38}},"7":{"start":{"line":30,"column":0},"end":{"line":32,"column":2}},"8":{"start":{"line":31,"column":2},"end":{"line":31,"column":34}},"9":{"start":{"line":41,"column":0},"end":{"line":43,"column":2}},"10":{"start":{"line":42,"column":2},"end":{"line":42,"column":34}},"11":{"start":{"line":48,"column":0},"end":{"line":57,"column":2}},"12":{"start":{"line":49,"column":2},"end":{"line":49,"column":22}},"13":{"start":{"line":50,"column":2},"end":{"line":52,"column":3}},"14":{"start":{"line":51,"column":4},"end":{"line":51,"column":20}},"15":{"start":{"line":54,"column":2},"end":{"line":54,"column":100}},"16":{"start":{"line":55,"column":2},"end":{"line":55,"column":52}},"17":{"start":{"line":56,"column":2},"end":{"line":56,"column":20}}},"branchMap":{"1":{"line":50,"type":"if","locations":[{"start":{"line":50,"column":2},"end":{"line":50,"column":2}},{"start":{"line":50,"column":2},"end":{"line":50,"column":2}}]}},"code":["/**"," * Module dependencies"," */","var Hash = require('./core_ext/hash').Hash,","  Attributs = require('./attributs').Attributs;","","/**"," * Create a new edge"," * @constructor"," * @param {Graph} graph Parent Graph"," * @param {String|Node} nodeOne The first node"," * @param {String|Node} nodeTwo The second node"," * @return {Edge}"," * @api public"," */","var Edge = exports.Edge = function(graph, nodeOne, nodeTwo) {","  this.relativeGraph = graph;","  this.nodeOne = nodeOne;","  this.nodeTwo = nodeTwo;","  this.attributs = new Attributs(\"E\");","};","","/**"," * Set an edge attribut"," *"," * @param {String} name The attribut name"," * @param {Void} value The attribut value"," * @api public"," */","Edge.prototype.set = function(name, value) {","  this.attributs.set(name, value);","};","","/**"," * Get an edge attribut"," *"," * @param {String} name The attribut name"," * @return {Void}"," * @api public"," */","Edge.prototype.get = function(name) {","  return this.attributs.get(name);","};","","/**"," * @api private"," */","Edge.prototype.to_dot = function() {","  var edgeLink = \"->\";","  if(this.relativeGraph.type === \"graph\") {","    edgeLink = \"--\";","  }","  ","  var edgeOutput = '\"' + this.nodeOne.id + '\"' + \" \" + edgeLink + \" \" + '\"' + this.nodeTwo.id + '\"';","  edgeOutput = edgeOutput + this.attributs.to_dot();","  return edgeOutput;","};",""],"l":{"4":1,"16":1,"17":0,"18":0,"19":0,"20":0,"30":1,"31":0,"41":1,"42":0,"48":1,"49":0,"50":0,"51":0,"54":0,"55":0,"56":0}},"/home/travis/build/npmtest/node-npmtest-graphviz/node_modules/graphviz/Jakefile.js":{"path":"/home/travis/build/npmtest/node-npmtest-graphviz/node_modules/graphviz/Jakefile.js","s":{"1":2,"2":2,"3":2,"4":2,"5":2,"6":2,"7":2,"8":0,"9":0,"10":0,"11":0,"12":0,"13":0,"14":0,"15":0,"16":0,"17":0,"18":0,"19":0,"20":0,"21":0},"b":{"1":[0,0],"2":[0,0],"3":[0,0]},"f":{"1":0,"2":0,"3":0,"4":0,"5":0,"6":0},"fnMap":{"1":{"name":"(anonymous_1)","line":14,"loc":{"start":{"line":14,"column":16},"end":{"line":14,"column":28}}},"2":{"name":"(anonymous_2)","line":16,"loc":{"start":{"line":16,"column":4},"end":{"line":16,"column":37}}},"3":{"name":"(anonymous_3)","line":24,"loc":{"start":{"line":24,"column":20},"end":{"line":24,"column":31}}},"4":{"name":"(anonymous_4)","line":26,"loc":{"start":{"line":26,"column":2},"end":{"line":26,"column":34}}},"5":{"name":"(anonymous_5)","line":35,"loc":{"start":{"line":35,"column":20},"end":{"line":35,"column":31}}},"6":{"name":"(anonymous_6)","line":37,"loc":{"start":{"line":37,"column":2},"end":{"line":37,"column":34}}}},"statementMap":{"1":{"start":{"line":3,"column":0},"end":{"line":5,"column":7}},"2":{"start":{"line":7,"column":0},"end":{"line":7,"column":30}},"3":{"start":{"line":8,"column":0},"end":{"line":8,"column":84}},"4":{"start":{"line":9,"column":0},"end":{"line":9,"column":40}},"5":{"start":{"line":10,"column":0},"end":{"line":10,"column":58}},"6":{"start":{"line":11,"column":0},"end":{"line":11,"column":107}},"7":{"start":{"line":13,"column":0},"end":{"line":13,"column":46}},"8":{"start":{"line":14,"column":0},"end":{"line":21,"column":3}},"9":{"start":{"line":15,"column":2},"end":{"line":20,"column":5}},"10":{"start":{"line":17,"column":6},"end":{"line":19,"column":7}},"11":{"start":{"line":18,"column":8},"end":{"line":18,"column":44}},"12":{"start":{"line":23,"column":0},"end":{"line":23,"column":16}},"13":{"start":{"line":24,"column":0},"end":{"line":32,"column":3}},"14":{"start":{"line":25,"column":1},"end":{"line":31,"column":3}},"15":{"start":{"line":27,"column":3},"end":{"line":29,"column":4}},"16":{"start":{"line":28,"column":4},"end":{"line":28,"column":40}},"17":{"start":{"line":34,"column":0},"end":{"line":34,"column":16}},"18":{"start":{"line":35,"column":0},"end":{"line":43,"column":3}},"19":{"start":{"line":36,"column":1},"end":{"line":42,"column":3}},"20":{"start":{"line":38,"column":3},"end":{"line":40,"column":4}},"21":{"start":{"line":39,"column":4},"end":{"line":39,"column":40}}},"branchMap":{"1":{"line":17,"type":"if","locations":[{"start":{"line":17,"column":6},"end":{"line":17,"column":6}},{"start":{"line":17,"column":6},"end":{"line":17,"column":6}}]},"2":{"line":27,"type":"if","locations":[{"start":{"line":27,"column":3},"end":{"line":27,"column":3}},{"start":{"line":27,"column":3},"end":{"line":27,"column":3}}]},"3":{"line":38,"type":"if","locations":[{"start":{"line":38,"column":3},"end":{"line":38,"column":3}},{"start":{"line":38,"column":3},"end":{"line":38,"column":3}}]}},"code":["// This file is a node-jake file -- http://github.com/mde/node-jake","","var util = require('util'),","\texec  = require('child_process').exec,","\tchild;","","var docTitle = 'node-graphviz'","var docFiles = 'lib/graphviz.js lib/deps/graph.js lib/deps/node.js lib/deps/edge.js'","var outputDocFile = 'documentation.json'","var docRibbon = 'http://github.com/glejeune/node-graphviz'","var docDesc = '[Node.js](http://nodejs.org) interface to the [GraphViz](http://graphviz.org) graphing tool'","","desc('Generate node-graphviz documentation.');","task('doc', [], function () {","  child = exec('dox -r ' + docRibbon + ' -d \"' + docDesc + '\" -t \"' + docTitle + '\" < ' + docFiles + ' > ' + outputDocFile, ","    function (error, stdout, stderr) {","      if (error !== null) {","        console.log('exec error: ' + error);","      }","  });","});","","desc('Install');","task('install', [], function() {","\tchild = exec('npm install .',","\t\tfunction(error, stdout, stderr) {","\t\t\tif (error !== null) {","\t\t\t\tconsole.log('exec error: ' + error);","\t\t\t}","\t\t}","\t);","});","","desc('Publish');","task('publish', [], function() {","\tchild = exec('npm publish .',","\t\tfunction(error, stdout, stderr) {","\t\t\tif (error !== null) {","\t\t\t\tconsole.log('exec error: ' + error);","\t\t\t}","\t\t}","\t);","});",""],"l":{"3":2,"7":2,"8":2,"9":2,"10":2,"11":2,"13":2,"14":0,"15":0,"17":0,"18":0,"23":0,"24":0,"25":0,"27":0,"28":0,"34":0,"35":0,"36":0,"38":0,"39":0}}}